1662
0
1
cd-a 1
1
2
ehb-b 1
dab-b 5
2
6
dgc-c 1
fcd-c 4
dgj-c 1
di-c 1
bi-c 1
bih-c 1
3
6
ii-d 3
cbd-d 1
hcj-d 1
bjg-d 1
cd-d 1
bcb-d 2
4
3
cba-e 1
d-e 1
hic-e 5
5
7
bc-f 1
e-f 1
jcc-f 1
bdjf-f 4
bda-f 1
ff-f 1
jbb-f 1
6
6
eie-g 2
gic-g 2
bfg-g 1
ehc-g 1
bedj-g 1
iee-g 1
7
1
bfa-h 1
8
3
gie-i 2
bahi-i 1
geg-i 4
9
4
ce-j 1
heg-j 1
fbj-j 5
bi-j 1
10
2
bdi-ba 1
dhf-ba 1
11
8
gc-bb 1
bee-bb 2
bcef-bb 2
bcea-bb 1
bae-bb 1
bcb-bb 1
bgf-bb 1
cd-bb 1
12
6
ccj-bc 1
baid-bc 1
dgf-bc 3
daa-bc 1
ddf-bc 1
hbf-bc 1
13
3
cjb-bd 1
cch-bd 1
bejh-bd 1
14
4
babg-be 1
bbbj-be 1
beai-be 4
fec-be 1
15
2
hi-bf 5
dh-bf 1
16
7
gge-bg 1
jf-bg 1
bdii-bg 3
baae-bg 1
bi-bg 1
iag-bg 1
fib-bg 1
17
3
ihi-bh 5
bgeh-bh 1
hjd-bh 1
18
5
feh-bi 1
babg-bi 2
bc-bi 1
hej-bi 1
fic-bi 4
19
8
hcj-bj 1
bdbf-bj 1
db-bj 1
dhf-bj 1
ch-bj 1
bc-bj 1
dg-bj 1
cii-bj 2
20
4
bai-ca 1
gjh-ca 5
dfg-ca 1
cd-ca 1
21
3
did-cb 2
edb-cb 3
dcc-cb 2
22
4
dgf-cc 3
ff-cc 1
jgi-cc 1
badc-cc 2
23
6
gfa-cd 1
fae-cd 1
ffb-cd 3
bhd-cd 1
dbg-cd 2
bcaj-cd 1
24
4
jgf-ce 2
jag-ce 3
ef-ce 1
bi-ce 1
25
5
eac-cf 4
fhg-cf 1
cc-cf 1
def-cf 1
bbci-cf 1
26
7
eh-cg 1
chb-cg 2
deb-cg 1
ca-cg 1
bd-cg 2
deg-cg 1
hhc-cg 1
27
6
hch-ch 1
jgg-ch 3
dji-ch 1
cd-ch 1
ddb-ch 3
bjd-ch 1
28
5
hfh-ci 2
befi-ci 1
bffg-ci 4
hif-ci 1
gbg-ci 1
29
3
bfgd-cj 4
fbi-cj 1
egd-cj 1
30
8
ea-da 1
fai-da 2
beib-da 1
bhd-da 1
eej-da 1
bcei-da 2
bdf-da 1
gda-da 1
31
7
bc-db 1
cd-db 1
gi-db 1
cbh-db 1
bgj-db 1
cfj-db 2
bbde-db 4
32
6
ecg-dc 1
bbgj-dc 1
iag-dc 1
iej-dc 5
jbf-dc 1
ifh-dc 1
33
3
fc-dd 2
dfg-dd 2
babg-dd 3
34
4
di-de 3
eih-de 1
bhe-de 1
ghj-de 1
35
5
iei-df 1
ibf-df 1
igi-df 2
bfgb-df 4
gc-df 1
36
8
bed-dg 1
bcii-dg 2
hah-dg 2
bcag-dg 1
bgfe-dg 1
cee-dg 1
bebe-dg 2
bdfc-dg 1
37
5
bagf-dh 4
dc-dh 1
hha-dh 2
gcd-dh 1
db-dh 1
38
1
haf-di 1
39
3
gdb-dj 1
cbh-dj 1
ef-dj 1
40
6
fda-ea 1
cgg-ea 1
jff-ea 2
eee-ea 1
dbb-ea 1
jjh-ea 2
41
3
hac-eb 1
bbfc-eb 4
cdi-eb 2
42
5
fi-ec 1
fc-ec 1
ci-ec 1
ege-ec 1
cdc-ec 4
43
5
eb-ed 1
bfdc-ed 2
bcia-ed 3
ech-ed 1
edf-ed 2
44
3
bacc-ee 3
ejg-ee 1
cfb-ee 2
45
7
bgb-ef 1
beeh-ef 1
egh-ef 1
cih-ef 2
cij-ef 1
bgd-ef 1
ige-ef 3
46
5
bdj-eg 1
bcd-eg 1
ggg-eg 5
ffd-eg 1
cbg-eg 1
47
5
fdd-eh 1
bbei-eh 1
bjb-eh 1
bbfg-eh 3
gdh-eh 2
48
6
jfj-ei 4
bb-ei 1
dff-ei 1
cbh-ei 1
bbje-ei 1
bcjf-ei 1
49
3
cd-ej 1
jia-ej 1
baig-ej 5
50
6
bhg-fa 1
bcb-fa 1
jji-fa 1
dhe-fa 4
bc-fa 1
hg-fa 1
51
3
bcch-fb 2
bdc-fb 3
dfa-fb 2
52
5
eab-fc 1
bfch-fc 4
bcj-fc 1
fif-fc 2
jb-fc 1
53
4
dhe-fd 1
dd-fd 1
je-fd 1
daf-fd 1
54
1
jic-fe 1
55
7
bed-ff 1
bdf-ff 1
gb-ff 4
dbd-ff 1
ic-ff 1
bdcg-ff 1
cje-ff 1
56
1
bfaf-fg 1
57
7
bejb-fh 3
bdb-fh 1
jjd-fh 1
ccb-fh 1
jie-fh 1
d-fh 1
jh-fh 1
58
3
hee-fi 1
bfdg-fi 4
fg-fi 1
59
7
ff-fj 1
ifd-fj 1
bea-fj 1
ddg-fj 1
bcha-fj 1
dbg-fj 3
hfh-fj 1
60
6
cih-ga 1
cg-ga 1
bi-ga 2
fga-ga 3
eah-ga 1
dac-ga 1
61
2
bbeb-gb 1
bbjc-gb 5
62
6
gge-gc 3
j-gc 1
eie-gc 2
bga-gc 1
bdfa-gc 2
e-gc 1
63
8
cfj-gd 1
gfb-gd 1
dbf-gd 1
dai-gd 1
bfgc-gd 3
daj-gd 1
icd-gd 1
je-gd 1
64
2
g-ge 1
dfi-ge 1
65
1
cgh-gf 1
66
5
jdj-gg 1
bfjf-gg 3
jhg-gg 1
idf-gg 1
cdh-gg 3
67
3
jci-gh 1
bddh-gh 5
bh-gh 1
68
3
ch-gi 1
cbe-gi 1
bcff-gi 5
69
3
edh-gj 2
baad-gj 2
gjj-gj 3
70
3
ecc-ha 1
db-ha 5
bda-ha 1
71
2
iaa-hb 1
efh-hb 2
72
4
cif-hc 1
ejc-hc 4
gg-hc 1
dbf-hc 2
73
1
hb-hd 1
74
7
bcd-he 1
bcjc-he 3
bebb-he 1
gij-he 1
hc-he 1
gig-he 1
bgi-he 1
75
4
dah-hf 2
bdbc-hf 2
hie-hf 3
da-hf 1
76
4
gbd-hg 2
bja-hg 3
cgj-hg 1
dfj-hg 1
77
7
jae-hh 1
cae-hh 1
bdh-hh 1
beic-hh 2
caa-hh 1
gcj-hh 2
bjb-hh 2
78
5
fa-hi 1
bac-hi 1
iba-hi 3
ihf-hi 1
baec-hi 3
79
3
di-hj 1
jfc-hj 5
gfg-hj 1
80
4
bfeh-ia 3
bdjd-ia 2
ccc-ia 1
di-ia 1
81
4
dad-ib 1
ghd-ib 2
gia-ib 5
dea-ib 1
82
3
cgi-ic 1
bedh-ic 4
fdf-ic 1
83
4
ej-id 1
eab-id 5
ebd-id 1
gbg-id 1
84
5
fbb-ie 1
dej-ie 1
haj-ie 2
eeh-ie 2
bjd-ie 1
85
3
bcge-if 4
bfce-if 2
di-if 1
86
2
egf-ig 1
baif-ig 2
87
3
bcfj-ih 1
bba-ih 1
cgh-ih 4
88
6
chf-ii 4
eig-ii 1
bgfi-ii 1
dgc-ii 1
bacj-ii 2
bacd-ii 1
89
4
dbi-ij 1
ife-ij 2
bcd-ij 3
fbc-ij 1
90
3
bei-ja 1
fef-ja 1
hij-ja 5
91
4
ehi-jb 1
bc-jb 1
bhe-jb 1
jc-jb 1
92
6
bbjg-jc 3
babi-jc 3
gbe-jc 1
hj-jc 1
fci-jc 1
gii-jc 1
93
2
cae-jd 1
fhj-jd 1
94
6
gdf-je 2
bi-je 1
bbi-je 1
bfc-je 2
bfgb-je 1
fcf-je 1
95
3
dfc-jf 1
iae-jf 2
gbd-jf 4
96
3
ec-jg 1
daf-jg 5
beb-jg 1
97
6
ei-jh 1
bbfg-jh 5
hib-jh 1
dai-jh 1
bcbf-jh 1
ecj-jh 1
98
5
gbe-ji 1
bccj-ji 1
beaa-ji 1
bdjh-ji 4
idd-ji 1
99
3
dej-jj 2
fgf-jj 2
bcee-jj 3
100
5
efg-baa 2
fhg-baa 1
dig-baa 3
dfi-baa 1
bfg-baa 1
101
4
eic-bab 2
jhg-bab 1
ede-bab 1
chf-bab 3
102
5
gja-bac 2
hfi-bac 1
da-bac 1
hj-bac 1
bfe-bac 3
103
3
jid-bad 3
bfi-bad 1
bha-bad 2
104
4
cd-bae 1
dgj-bae 1
bdga-bae 5
ceg-bae 1
105
5
cgb-baf 1
bdbh-baf 4
bcb-baf 1
cj-baf 1
cbg-baf 1
106
7
bfce-bag 2
fic-bag 1
bbfi-bag 1
dad-bag 1
ede-bag 1
bcc-bag 1
baab-bag 1
107
6
bbcc-bah 1
ifd-bah 1
deg-bah 1
ddf-bah 1
hbf-bah 1
gjh-bah 4
108
2
cfj-bai 2
bda-bai 1
109
6
chf-baj 3
eg-baj 2
ddb-baj 1
db-baj 1
bda-baj 2
cjg-baj 1
110
5
je-bba 1
dic-bba 1
fbe-bba 2
hi-bba 1
gdc-bba 2
111
4
d-bbb 2
edb-bbb 1
fdh-bbb 3
bdh-bbb 1
112
5
dbb-bbc 1
jje-bbc 1
dgb-bbc 1
chf-bbc 5
gbg-bbc 1
113
2
bja-bbd 1
gca-bbd 1
114
3
cie-bbe 2
ehd-bbe 3
cb-bbe 1
115
5
bei-bbf 3
fj-bbf 1
bej-bbf 1
dfc-bbf 1
bage-bbf 2
116
6
gdc-bbg 2
bbbj-bbg 1
iff-bbg 3
eg-bbg 1
cbd-bbg 1
eba-bbg 1
117
3
ehi-bbh 1
bacc-bbh 5
gjh-bbh 1
118
9
bca-bbi 1
cbb-bbi 1
beeh-bbi 5
ige-bbi 1
ib-bbi 1
gfd-bbi 1
beb-bbi 1
bech-bbi 1
cea-bbi 1
119
7
bbf-bbj 1
gjh-bbj 1
ige-bbj 1
eh-bbj 1
baja-bbj 1
bbag-bbj 1
fag-bbj 5
120
6
gaf-bca 1
cji-bca 2
eae-bca 2
cc-bca 1
gae-bca 1
bae-bca 1
121
4
bbgc-bcb 1
fba-bcb 4
bbdg-bcb 1
bdea-bcb 1
122
7
bbff-bcc 5
gfi-bcc 1
bjd-bcc 1
jg-bcc 1
bbab-bcc 1
hgb-bcc 1
bebg-bcc 1
123
5
ddj-bcd 1
gc-bcd 1
iie-bcd 1
eed-bcd 3
jec-bcd 2
124
8
bagd-bce 1
ccc-bce 1
fed-bce 1
gef-bce 2
bi-bce 1
bb-bce 1
gc-bce 1
edi-bce 3
125
4
deg-bcf 1
ddj-bcf 2
gih-bcf 1
cea-bcf 3
126
7
g-bcg 1
di-bcg 1
hcj-bcg 1
bhj-bcg 1
dgg-bcg 1
cah-bcg 1
dbg-bcg 2
127
6
fbh-bch 2
ecb-bch 1
dfd-bch 1
gad-bch 3
bfc-bch 3
bgbf-bch 1
128
7
bbhe-bci 3
bcbc-bci 1
fag-bci 1
bagb-bci 2
fi-bci 1
bbc-bci 1
bbf-bci 1
129
7
cjh-bcj 1
bbf-bcj 1
iff-bcj 5
eac-bcj 1
bah-bcj 1
icj-bcj 1
cjg-bcj 1
130
6
dhg-bda 1
ffa-bda 4
fbe-bda 1
eh-bda 1
dfj-bda 1
ia-bda 1
131
8
bhb-bdb 1
cda-bdb 1
efd-bdb 3
jbg-bdb 1
deh-bdb 1
djh-bdb 1
fib-bdb 1
bfc-bdb 1
132
9
jbg-bdc 1
cfc-bdc 1
fdc-bdc 1
bfea-bdc 2
bbah-bdc 1
fee-bdc 2
bec-bdc 1
bbjh-bdc 1
bbfe-bdc 1
133
5
bjf-bdd 1
efa-bdd 1
bja-bdd 1
bcgc-bdd 4
bece-bdd 2
134
6
iah-bde 2
bdh-bde 1
beec-bde 1
gge-bde 2
hhi-bde 1
bba-bde 1
135
6
gea-bdf 2
hcg-bdf 2
hc-bdf 1
gbf-bdf 1
bhe-bdf 1
bbab-bdf 1
136
8
cha-bdg 3
ch-bdg 1
bbij-bdg 2
bahh-bdg 3
bcc-bdg 1
djj-bdg 1
dhi-bdg 1
jdg-bdg 1
137
4
jjg-bdh 2
ce-bdh 1
feh-bdh 2
edg-bdh 1
138
6
ich-bdi 1
iic-bdi 4
gci-bdi 1
bffi-bdi 1
bcfj-bdi 1
jbe-bdi 1
139
7
bbbh-bdj 1
igg-bdj 1
igb-bdj 1
ffb-bdj 1
hhc-bdj 1
jfe-bdj 2
geh-bdj 3
140
4
dgb-bea 1
dgc-bea 4
cdh-bea 1
fif-bea 1
141
8
fe-beb 1
dci-beb 1
hia-beb 4
edh-beb 1
ffd-beb 1
djg-beb 1
cbg-beb 1
cbe-beb 1
142
8
hj-bec 2
hea-bec 2
hff-bec 1
bdei-bec 2
eei-bec 1
bdh-bec 1
ica-bec 1
ii-bec 1
143
6
ica-bed 1
cd-bed 4
feh-bed 1
bhc-bed 1
begd-bed 1
cfa-bed 1
144
5
bbej-bee 1
bgbe-bee 5
gjd-bee 1
dfg-bee 1
cfa-bee 1
145
4
bjd-bef 1
fgj-bef 3
dai-bef 2
jei-bef 1
146
5
hgd-beg 1
bef-beg 2
bja-beg 1
fei-beg 2
ea-beg 1
147
9
jbj-beh 1
gdd-beh 1
ieh-beh 4
bab-beh 1
ih-beh 1
hi-beh 1
ef-beh 1
cia-beh 1
ccg-beh 1
148
5
bcgi-bei 1
jbi-bei 1
becg-bei 1
fge-bei 2
jca-bei 3
149
5
dbi-bej 1
cdi-bej 1
bdb-bej 1
fif-bej 3
bec-bej 2
150
5
ifi-bfa 1
cdf-bfa 1
ddd-bfa 1
egg-bfa 1
cjd-bfa 4
151
2
bdji-bfb 5
fda-bfb 1
152
9
gbi-bfc 1
ifh-bfc 1
cdb-bfc 1
dhb-bfc 1
cei-bfc 1
dcb-bfc 4
fcb-bfc 1
bafi-bfc 1
fbb-bfc 1
153
4
cie-bfd 2
haa-bfd 2
jgi-bfd 2
bif-bfd 1
154
5
cgh-bfe 1
baea-bfe 2
hff-bfe 1
gbc-bfe 1
dch-bfe 3
155
4
eec-bff 3
bcie-bff 1
fdh-bff 1
gfe-bff 2
156
8
be-bfg 1
dae-bfg 1
bgac-bfg 4
hhe-bfg 1
bef-bfg 1
efi-bfg 1
fh-bfg 1
hj-bfg 1
157
4
gcj-bfh 1
eaa-bfh 3
bae-bfh 2
baf-bfh 1
158
7
bacf-bfi 1
ich-bfi 1
ecj-bfi 1
jhe-bfi 1
bgci-bfi 4
gaa-bfi 2
idg-bfi 1
159
5
jjj-bfj 2
gce-bfj 1
gif-bfj 1
ded-bfj 1
bii-bfj 2
160
3
efe-bga 1
dij-bga 1
hbd-bga 5
161
6
dff-bgb 1
bedd-bgb 1
bahe-bgb 1
bcga-bgb 1
cgc-bgb 1
hea-bgb 5
162
7
cgd-bgc 2
ehc-bgc 1
cdb-bgc 1
bdeh-bgc 2
cff-bgc 1
fd-bgc 1
ffi-bgc 1
163
5
f-bgd 1
dbj-bgd 1
bgdh-bgd 2
gd-bgd 1
edg-bgd 3
164
3
jif-bge 2
hci-bge 4
d-bge 1
165
4
baih-bgf 1
bd-bgf 1
iaa-bgf 5
bie-bgf 1
166
6
ehg-bgg 2
bcaa-bgg 2
bdde-bgg 1
id-bgg 1
babe-bgg 1
heh-bgg 2
167
5
cgg-bgh 1
bfgh-bgh 2
be-bgh 1
dbg-bgh 2
cej-bgh 1
168
8
dda-bgi 1
cej-bgi 1
daj-bgi 3
bc-bgi 1
bhh-bgi 1
baa-bgi 1
cbi-bgi 2
eij-bgi 1
169
5
hbh-bgj 1
hch-bgj 2
djh-bgj 1
jai-bgj 1
bffe-bgj 2
170
8
gi-bha 4
ccd-bha 1
edd-bha 1
ddd-bha 1
bff-bha 1
fh-bha 1
bde-bha 1
bi-bha 1
171
6
fcb-bhb 1
hhd-bhb 3
jh-bhb 1
cda-bhb 1
ih-bhb 1
bfbi-bhb 1
172
6
edf-bhc 1
eje-bhc 1
bbfd-bhc 4
bagf-bhc 1
gfg-bhc 1
bfe-bhc 1
173
4
hj-bhd 2
eed-bhd 3
bcb-bhd 1
gii-bhd 1
174
5
bgj-bhe 1
chd-bhe 1
ebi-bhe 1
cfe-bhe 1
daa-bhe 5
175
6
dgi-bhf 1
bci-bhf 3
jga-bhf 1
ca-bhf 1
ech-bhf 1
cgi-bhf 1
176
7
iga-bhg 1
cbg-bhg 1
cfi-bhg 1
bci-bhg 1
cdi-bhg 4
baf-bhg 1
babb-bhg 1
177
4
efe-bhh 3
cbc-bhh 1
cch-bhh 2
bai-bhh 2
178
5
bacb-bhi 2
gbb-bhi 1
eaj-bhi 3
ibh-bhi 2
cdb-bhi 1
179
7
hbc-bhj 1
bafb-bhj 4
cb-bhj 1
dbf-bhj 1
fha-bhj 1
hg-bhj 1
ghd-bhj 1
180
4
hi-bia 2
dac-bia 1
bjg-bia 1
cch-bia 3
181
3
eae-bib 5
hjj-bib 1
fhc-bib 1
182
4
eee-bic 2
baa-bic 3
dc-bic 1
hdc-bic 1
183
4
dec-bid 1
beh-bid 2
bef-bid 2
bajd-bid 1
184
11
dbe-bie 1
cfe-bie 1
bcc-bie 1
cdc-bie 1
hdd-bie 2
bae-bie 1
bcai-bie 1
eig-bie 1
bde-bie 2
bbc-bie 1
bef-bie 1
185
5
bgcg-bif 4
bahf-bif 1
cji-bif 1
babf-bif 2
je-bif 1
186
2
deg-big 2
bdde-big 1
187
4
ccj-bih 1
hef-bih 1
dcf-bih 1
bcff-bih 4
188
5
caj-bii 1
bcej-bii 3
bga-bii 1
dfa-bii 1
ejd-bii 1
189
6
bcj-bij 1
eab-bij 1
cha-bij 3
gfi-bij 1
ba-bij 1
cia-bij 2
190
3
dca-bja 5
ded-bja 1
dig-bja 1
191
4
db-bjb 1
fed-bjb 1
bcdb-bjb 3
bbee-bjb 3
192
5
eia-bjc 1
bagc-bjc 1
ggh-bjc 1
ibe-bjc 1
baad-bjc 4
193
5
bij-bjd 1
gd-bjd 1
di-bjd 1
hdg-bjd 5
ghb-bjd 1
194
4
eja-bje 1
cga-bje 1
ecd-bje 5
dgf-bje 1
195
6
baff-bjf 4
ecg-bjf 1
hie-bjf 1
hic-bjf 1
hii-bjf 1
bccc-bjf 1
196
3
dih-bjg 3
cec-bjg 2
df-bjg 2
197
6
bcb-bjh 2
cd-bjh 3
gfd-bjh 1
eah-bjh 1
djg-bjh 1
jeb-bjh 1
198
4
dbg-bji 1
fdj-bji 1
beeb-bji 5
cgh-bji 1
199
4
gci-bjj 1
baad-bjj 4
jhe-bjj 1
edg-bjj 1
200
6
bafd-caa 1
djj-caa 2
hfg-caa 1
ecb-caa 2
dhc-caa 1
jgd-caa 1
201
6
jca-cab 1
cjd-cab 2
bdg-cab 3
jbg-cab 1
bef-cab 1
daf-cab 1
202
5
cgd-cac 2
fid-cac 3
dbf-cac 3
bbdh-cac 1
djc-cac 1
203
3
edd-cad 1
ege-cad 5
icg-cad 3
204
8
cci-cae 1
bcb-cae 2
bea-cae 1
bccg-cae 2
hhb-cae 2
jcd-cae 1
chb-cae 1
gdi-cae 1
205
3
gag-caf 1
bafb-caf 5
ghc-caf 1
206
4
fbi-cag 1
bbg-cag 1
ebb-cag 1
cie-cag 4
207
6
cce-cah 1
bahc-cah 1
fde-cah 1
fac-cah 1
ih-cah 1
bebe-cah 3
208
2
gdb-cai 1
jda-cai 1
209
4
ghh-caj 2
eji-caj 3
eba-caj 1
jh-caj 1
210
4
bccb-cba 1
bfi-cba 1
bbjf-cba 4
bgdd-cba 2
211
5
ihc-cbb 2
be-cbb 1
ca-cbb 1
cge-cbb 3
da-cbb 1
212
2
efg-cbc 2
bcdg-cbc 1
213
8
cec-cbd 1
bcdc-cbd 1
bif-cbd 1
eag-cbd 1
jej-cbd 1
ehe-cbd 1
jfc-cbd 5
chb-cbd 1
214
1
bbcc-cbe 1
215
3
cdj-cbf 1
ceb-cbf 1
bff-cbf 4
216
4
becj-cbg 4
bdg-cbg 1
hjj-cbg 1
bbfi-cbg 2
217
4
bfg-cbh 1
caj-cbh 1
bhi-cbh 4
ej-cbh 1
218
3
ede-cbi 5
ebh-cbi 1
bdi-cbi 1
219
5
dcf-cbj 1
gjj-cbj 4
db-cbj 1
jec-cbj 1
hi-cbj 1
220
6
cbe-cca 1
bbdb-cca 3
eea-cca 2
ehi-cca 1
ihg-cca 1
bbi-cca 1
221
6
eig-ccb 1
d-ccb 1
ejj-ccb 2
bjj-ccb 1
ddd-ccb 2
jeh-ccb 1
222
3
jfh-ccc 3
eag-ccc 2
bcda-ccc 1
223
6
bajb-ccd 3
feh-ccd 1
ecd-ccd 1
cjf-ccd 1
dhh-ccd 1
eae-ccd 1
224
4
daf-cce 1
bdc-cce 1
hdf-cce 1
bceh-cce 3
225
7
dca-ccf 1
ga-ccf 1
hcc-ccf 1
bfdd-ccf 1
ihi-ccf 5
ghd-ccf 1
jeg-ccf 1
226
7
hde-ccg 1
bahi-ccg 2
ijd-ccg 1
bih-ccg 1
hjh-ccg 1
fhh-ccg 1
ide-ccg 1
227
4
baaf-cch 2
ice-cch 1
egd-cch 4
bhe-cch 1
228
4
ceb-cci 1
haf-cci 1
bbfd-cci 2
bgbg-cci 3
229
6
gdf-ccj 1
j-ccj 1
eeb-ccj 1
hji-ccj 3
bch-ccj 1
cch-ccj 1
230
3
jae-cda 1
dd-cda 3
ejd-cda 1
231
4
fcf-cdb 1
jaa-cdb 1
ejg-cdb 5
bff-cdb 1
232
6
ccj-cdc 1
fad-cdc 2
eb-cdc 1
ddj-cdc 3
gac-cdc 1
hjg-cdc 1
233
2
db-cdd 1
bebi-cdd 2
234
7
hhb-cde 2
bi-cde 1
fff-cde 2
bdia-cde 2
gge-cde 3
bj-cde 1
bjb-cde 1
235
5
fjc-cdf 5
dfa-cdf 1
iee-cdf 1
badh-cdf 1
bhj-cdf 1
236
6
eif-cdg 1
bfjd-cdg 1
dff-cdg 5
cid-cdg 1
gcf-cdg 1
bdf-cdg 1
237
3
gd-cdh 1
gfd-cdh 1
bbja-cdh 5
238
4
j-cdi 2
jbc-cdi 1
beha-cdi 4
deb-cdi 1
239
3
ega-cdj 4
hgg-cdj 1
chh-cdj 1
240
7
jaj-cea 3
gbi-cea 1
if-cea 1
che-cea 2
be-cea 1
cfi-cea 1
cac-cea 1
241
6
bdea-ceb 5
cii-ceb 1
dhh-ceb 1
dfe-ceb 1
bfj-ceb 1
bch-ceb 1
242
4
bad-cec 2
bdg-cec 1
bbc-cec 1
bajb-cec 3
243
3
efg-ced 1
cah-ced 1
bbgc-ced 5
244
3
ic-cee 4
jhc-cee 1
eej-cee 2
245
4
bha-cef 3
bfi-cef 2
bbec-cef 1
dab-cef 2
246
4
gdg-ceg 2
cah-ceg 3
iag-ceg 2
bfa-ceg 1
247
4
cic-ceh 1
bje-ceh 1
eeg-ceh 2
gdd-ceh 2
248
5
ddf-cei 1
fhi-cei 2
dgf-cei 2
ehj-cei 1
bfb-cei 1
249
8
bbee-cej 2
dif-cej 1
gig-cej 1
ef-cej 1
bda-cej 1
jej-cej 1
bh-cej 2
bbeg-cej 2
250
5
hdi-cfa 1
ice-cfa 1
eb-cfa 2
gei-cfa 2
bdhb-cfa 3
251
7
fhe-cfb 2
fgg-cfb 1
baga-cfb 1
g-cfb 1
cea-cfb 1
fc-cfb 1
gje-cfb 1
252
3
ieg-cfc 2
eca-cfc 1
gef-cfc 3
253
6
ccg-cfd 1
bcdh-cfd 1
a-cfd 1
cje-cfd 1
bchd-cfd 3
geb-cfd 1
254
2
jf-cfe 1
ijc-cfe 2
255
5
bafc-cff 2
hjf-cff 1
hda-cff 1
ejg-cff 3
egj-cff 1
256
4
gic-cfg 1
bbdg-cfg 3
bfdb-cfg 2
ej-cfg 2
257
7
gbg-cfh 1
baj-cfh 1
cie-cfh 5
cid-cfh 1
bee-cfh 1
fjh-cfh 1
bbee-cfh 1
258
5
chd-cfi 1
badf-cfi 1
bcfi-cfi 1
dhi-cfi 3
eec-cfi 1
259
6
fh-cfj 1
bd-cfj 1
efb-cfj 1
cfi-cfj 4
beb-cfj 1
dib-cfj 1
260
7
cah-cga 1
bhb-cga 1
chf-cga 1
dh-cga 1
bcjf-cga 4
cgd-cga 1
chj-cga 1
261
5
dhd-cgb 1
deb-cgb 2
dch-cgb 1
gdf-cgb 2
da-cgb 3
262
6
ica-cgc 2
hdb-cgc 1
ee-cgc 1
cdb-cgc 1
hfc-cgc 2
fji-cgc 1
263
6
bec-cgd 1
bajg-cgd 1
bafd-cgd 2
dcj-cgd 1
bafi-cgd 1
dcf-cgd 3
264
6
ea-cge 1
cci-cge 1
bfc-cge 3
bba-cge 2
fh-cge 1
hai-cge 1
265
5
fcc-cgf 3
dej-cgf 1
bgbh-cgf 3
gie-cgf 1
ibe-cgf 1
266
5
bdh-cgg 1
fhc-cgg 4
dib-cgg 1
bii-cgg 1
bgae-cgg 1
267
5
bdhc-cgh 5
hif-cgh 1
hc-cgh 1
cag-cgh 1
babb-cgh 1
268
5
daf-cgi 1
fdh-cgi 1
djh-cgi 1
ia-cgi 1
baaa-cgi 5
269
4
eag-cgj 2
dgg-cgj 1
ifi-cgj 2
fei-cgj 1
270
6
ged-cha 2
egj-cha 2
gfh-cha 1
dcb-cha 2
dhj-cha 1
bhi-cha 1
271
3
eci-chb 1
bcbi-chb 4
fff-chb 1
272
5
fjc-chc 1
jhd-chc 4
bbfj-chc 1
hba-chc 1
jfb-chc 1
273
4
ebh-chd 1
dfj-chd 1
bfbg-chd 4
cjc-chd 1
274
4
dej-che 1
eah-che 1
dbj-che 1
befj-che 5
275
5
did-chf 1
fch-chf 1
ehb-chf 1
hfb-chf 1
eca-chf 5
276
4
fc-chg 1
iab-chg 3
hja-chg 1
edh-chg 2
277
4
ca-chh 1
cid-chh 1
cbb-chh 1
ddj-chh 1
278
6
ibj-chi 1
cee-chi 1
bbea-chi 1
bbc-chi 4
hga-chi 1
jeh-chi 1
279
6
hhi-chj 3
fg-chj 1
bgh-chj 1
jg-chj 1
fjd-chj 1
dia-chj 1
280
4
eie-cia 2
jj-cia 1
cce-cia 1
jej-cia 3
281
5
bdhh-cib 2
bdhb-cib 1
eha-cib 3
hh-cib 1
bcce-cib 1
282
5
ifd-cic 1
dhi-cic 4
jce-cic 1
igc-cic 1
bbi-cic 1
283
11
hgg-cid 1
ehb-cid 1
dfd-cid 1
bdh-cid 1
bii-cid 1
cab-cid 1
fic-cid 1
cjb-cid 3
ebi-cid 1
fcf-cid 1
dfa-cid 1
284
3
gg-cie 2
jfi-cie 4
bih-cie 1
285
8
dae-cif 1
baed-cif 1
dcb-cif 1
dgb-cif 1
bcja-cif 5
idd-cif 1
gfe-cif 1
bbai-cif 1
286
6
bbac-cig 1
hbj-cig 3
hai-cig 1
hdd-cig 1
eef-cig 1
dge-cig 1
287
2
cda-cih 1
icg-cih 5
288
6
gc-cii 1
gbi-cii 1
cah-cii 1
ggd-cii 1
dad-cii 1
baha-cii 3
289
4
ch-cij 2
dgf-cij 3
bgi-cij 1
cch-cij 1
290
6
ead-cja 1
dge-cja 1
hcj-cja 2
ija-cja 1
bcaa-cja 2
ehg-cja 1
291
4
eei-cjb 1
beba-cjb 5
jbi-cjb 1
bagh-cjb 1
292
4
bcih-cjc 1
bfgi-cjc 2
bada-cjc 1
db-cjc 1
293
2
eje-cjd 1
bdaa-cjd 5
294
3
fje-cje 1
cea-cje 3
bbi-cje 3
295
3
cgb-cjf 3
dba-cjf 2
egf-cjf 2
296
1
cgb-cjg 1
297
5
dci-cjh 1
he-cjh 1
jfd-cjh 1
da-cjh 1
hhf-cjh 1
298
6
bdcg-cji 1
hbd-cji 1
dbj-cji 1
bdce-cji 4
id-cji 1
bee-cji 1
299
6
bfeb-cjj 2
cc-cjj 1
fci-cjj 1
bcie-cjj 1
bgh-cjj 1
jah-cjj 4
300
6
bbhc-daa 3
fh-daa 1
jjb-daa 1
edd-daa 1
ih-daa 1
bfde-daa 3
301
6
bace-dab 1
icf-dab 1
hi-dab 5
bef-dab 1
ede-dab 1
cjh-dab 1
302
5
de-dac 1
iid-dac 2
dce-dac 2
fgc-dac 1
bgi-dac 2
303
4
gcb-dad 1
dab-dad 1
gfe-dad 2
gfd-dad 3
304
4
ebf-dae 1
bcib-dae 5
fce-dae 1
baaa-dae 1
305
7
bdag-daf 1
fbb-daf 1
bdcb-daf 2
cha-daf 1
badi-daf 3
jae-daf 1
bddb-daf 1
306
3
jg-dag 1
eb-dag 1
hcd-dag 4
307
4
cgi-dah 1
ggg-dah 2
ehc-dah 3
ihj-dah 1
308
6
dhc-dai 1
bafa-dai 2
ejb-dai 1
bchi-dai 3
chh-dai 1
ebd-dai 1
309
6
geh-daj 4
dce-daj 1
ebb-daj 1
dhe-daj 1
fhj-daj 1
fae-daj 1
310
3
hhj-dba 5
gdh-dba 1
bff-dba 1
311
4
cjb-dbb 1
dfc-dbb 1
eaa-dbb 5
dgi-dbb 1
312
2
dah-dbc 1
hca-dbc 2
313
5
bfg-dbd 1
bbg-dbd 1
ceg-dbd 1
bdjf-dbd 2
gcb-dbd 4
314
3
bcaf-dbe 5
dfh-dbe 1
dac-dbe 1
315
7
dac-dbf 1
baad-dbf 1
gib-dbf 5
ei-dbf 1
gdc-dbf 1
eid-dbf 1
bbcb-dbf 1
316
3
iag-dbg 5
ffg-dbg 2
dab-dbg 1
317
5
cdb-dbh 1
cid-dbh 1
caa-dbh 1
fha-dbh 4
gfj-dbh 1
318
5
edd-dbi 2
eia-dbi 1
ch-dbi 1
bcaa-dbi 2
fah-dbi 1
319
6
bb-dbj 1
dad-dbj 2
cgb-dbj 1
dhd-dbj 2
gjf-dbj 2
cg-dbj 1
320
5
jbi-dca 3
a-dca 1
bdii-dca 2
bda-dca 1
badg-dca 1
321
6
fi-dcb 1
jia-dcb 1
efg-dcb 1
gbj-dcb 1
gad-dcb 3
eda-dcb 2
322
9
heg-dcc 1
cdd-dcc 1
ddf-dcc 1
gdi-dcc 1
eie-dcc 1
fbb-dcc 1
jah-dcc 2
chf-dcc 2
di-dcc 2
323
4
gjc-dcd 1
cfg-dcd 2
cg-dcd 3
gda-dcd 2
324
4
cce-dce 1
ebg-dce 1
bcg-dce 1
jef-dce 5
325
5
bhe-dcf 1
fce-dcf 1
cgb-dcf 1
bbja-dcf 3
fea-dcf 1
326
3
cd-dcg 2
jjj-dcg 1
dca-dcg 5
327
5
cjc-dch 1
jai-dch 5
dh-dch 1
eca-dch 1
bdgc-dch 1
328
5
ehi-dci 1
cge-dci 1
dae-dci 1
bcef-dci 3
ddg-dci 1
329
5
bde-dcj 1
begb-dcj 1
dbj-dcj 1
dhd-dcj 1
jcg-dcj 5
330
4
cea-dda 1
bjj-dda 4
dai-dda 1
fjj-dda 1
331
6
cjb-ddb 1
ddd-ddb 1
bbdj-ddb 1
bdge-ddb 3
bcea-ddb 1
eig-ddb 1
332
5
bja-ddc 2
beg-ddc 1
dac-ddc 1
bfjb-ddc 3
ia-ddc 1
333
4
beef-ddd 5
hed-ddd 1
gfa-ddd 1
bci-ddd 1
334
9
dbe-dde 1
ghh-dde 2
bbj-dde 1
ehd-dde 1
ifj-dde 1
d-dde 2
fbe-dde 1
ejf-dde 1
gaa-dde 1
335
7
chf-ddf 1
id-ddf 1
jh-ddf 1
fcf-ddf 3
bei-ddf 1
eij-ddf 2
eb-ddf 1
336
3
eid-ddg 4
cdi-ddg 1
cgc-ddg 1
337
4
ech-ddh 1
ef-ddh 1
baa-ddh 4
edi-ddh 1
338
6
fib-ddi 1
cfa-ddi 1
jja-ddi 1
bjc-ddi 1
ef-ddi 2
ehd-ddi 3
339
6
ihj-ddj 1
dia-ddj 1
ccd-ddj 1
ecg-ddj 4
ehi-ddj 1
haa-ddj 2
340
6
ejd-dea 2
edh-dea 1
ief-dea 2
ebe-dea 1
bgi-dea 1
dia-dea 1
341
6
hfg-deb 1
fei-deb 1
cbi-deb 4
hjc-deb 1
hha-deb 1
hgj-deb 1
342
5
bcgh-dec 1
bfg-dec 4
ba-dec 1
fdc-dec 1
bg-dec 1
343
5
jab-ded 1
bdbb-ded 1
gij-ded 3
ihf-ded 3
ddc-ded 1
344
5
dhc-dee 1
fhb-dee 1
fji-dee 3
cia-dee 2
dej-dee 1
345
3
jfi-def 5
bajh-def 1
ceb-def 1
346
6
hia-deg 1
fhd-deg 3
cdh-deg 1
bceg-deg 1
cfb-deg 1
eec-deg 2
347
4
gcf-deh 1
iji-deh 2
ifa-deh 1
dj-deh 2
348
2
gjc-dei 1
fif-dei 2
349
4
bcah-dej 5
fda-dej 1
dif-dej 1
babg-dej 1
350
5
hab-dfa 2
fie-dfa 2
bfb-dfa 1
ege-dfa 1
eai-dfa 1
351
3
bde-dfb 1
e-dfb 5
ehb-dfb 1
352
7
fgg-dfc 1
ddc-dfc 1
ghb-dfc 1
eb-dfc 1
cjc-dfc 1
fgj-dfc 2
ca-dfc 2
353
6
da-dfd 1
bfcc-dfd 1
bga-dfd 1
bbae-dfd 1
idj-dfd 4
gcb-dfd 1
354
4
ejd-dfe 1
ii-dfe 1
baac-dfe 4
badc-dfe 1
355
5
heg-dff 1
gie-dff 1
hii-dff 4
jha-dff 1
ife-dff 1
356
3
eib-dfg 5
dhf-dfg 1
cdj-dfg 1
357
5
hg-dfh 1
beci-dfh 1
fee-dfh 1
bbcb-dfh 2
fhb-dfh 2
358
3
baac-dfi 1
egd-dfi 1
hgh-dfi 5
359
3
eb-dfj 1
bbah-dfj 5
ejd-dfj 1
360
5
fff-dga 2
dgi-dga 1
bcdg-dga 4
g-dga 1
cb-dga 1
361
2
cad-dgb 1
bcae-dgb 5
362
6
bdbb-dgc 1
fib-dgc 2
c-dgc 1
jja-dgc 1
bc-dgc 1
jic-dgc 3
363
9
feh-dgd 1
ifb-dgd 1
badi-dgd 2
ifg-dgd 1
ebc-dgd 1
bfa-dgd 1
cbc-dgd 1
bajj-dgd 2
bbjf-dgd 2
364
6
beaa-dge 1
dc-dge 1
ef-dge 1
ifc-dge 1
bccf-dge 4
hcj-dge 1
365
4
dhf-dgf 1
bbba-dgf 5
jfj-dgf 1
bffd-dgf 1
366
3
bced-dgg 3
dce-dgg 1
bg-dgg 2
367
2
idi-dgh 5
dff-dgh 1
368
5
cgg-dgi 1
deb-dgi 3
bbf-dgi 1
ibf-dgi 2
ceb-dgi 1
369
4
bcab-dgj 1
bea-dgj 2
gg-dgj 3
ghb-dgj 1
370
4
jhi-dha 1
dij-dha 2
dji-dha 2
ecg-dha 1
371
3
d-dhb 1
ebh-dhb 2
bajb-dhb 3
372
7
bdab-dhc 1
dfg-dhc 2
bbed-dhc 1
dbg-dhc 4
bbce-dhc 1
jii-dhc 1
ccd-dhc 1
373
6
cdi-dhd 1
hfh-dhd 1
fhc-dhd 1
baeg-dhd 2
dgh-dhd 2
ije-dhd 2
374
6
dca-dhe 1
bbhb-dhe 1
bbhi-dhe 2
bbii-dhe 2
ieg-dhe 1
ehb-dhe 1
375
5
ebj-dhf 2
ich-dhf 1
baga-dhf 3
bcf-dhf 1
cjd-dhf 1
376
4
begf-dhg 1
bfe-dhg 4
beab-dhg 1
ida-dhg 1
377
5
bbh-dhh 1
dgf-dhh 2
bdac-dhh 3
gbg-dhh 1
bbb-dhh 1
378
6
bcab-dhi 1
bbbb-dhi 1
fjf-dhi 1
fhf-dhi 1
ihg-dhi 4
ebh-dhi 1
379
7
ddj-dhj 3
ecj-dhj 1
begh-dhj 1
icc-dhj 1
idc-dhj 1
idf-dhj 2
fce-dhj 1
380
4
ecg-dia 5
jcc-dia 1
bdc-dia 1
hge-dia 1
381
4
bgg-dib 1
ffd-dib 1
dhj-dib 4
cfd-dib 2
382
8
ebi-dic 1
edj-dic 3
hhd-dic 1
fh-dic 1
bbgj-dic 1
jff-dic 1
dih-dic 1
hc-dic 1
383
6
dhg-did 2
eii-did 1
bab-did 2
ccj-did 1
hid-did 2
bgj-did 1
384
6
fac-die 2
jeb-die 1
fea-die 1
dci-die 1
fig-die 1
baag-die 4
385
1
bbdh-dif 1
386
3
edj-dig 2
fcd-dig 4
hih-dig 1
387
2
bbjg-dih 1
fdg-dih 5
388
2
bage-dii 2
bdeg-dii 1
389
5
eai-dij 1
hhe-dij 1
ici-dij 5
cga-dij 1
bacf-dij 1
390
2
bdhi-dja 1
bhe-dja 1
391
2
eee-djb 1
jjj-djb 5
392
3
ddi-djc 1
jaj-djc 4
dba-djc 1
393
6
cie-djd 2
ceb-djd 1
bejh-djd 2
jdd-djd 1
jif-djd 3
ifd-djd 2
394
7
bbj-dje 1
hag-dje 1
beaj-dje 5
dbi-dje 1
he-dje 1
dbh-dje 1
ddc-dje 1
395
2
di-djf 1
eha-djf 1
396
7
hca-djg 3
jbc-djg 1
baa-djg 1
efi-djg 2
bceg-djg 1
cji-djg 1
bcc-djg 1
397
9
ebi-djh 1
beca-djh 1
bdh-djh 1
bdef-djh 2
cjc-djh 2
djb-djh 1
bif-djh 1
gdg-djh 1
gai-djh 1
398
4
hhj-dji 3
cha-dji 2
cic-dji 1
bahj-dji 1
399
6
dda-djj 1
egi-djj 1
caj-djj 1
jib-djj 3
bbc-djj 2
dec-djj 1
400
7
jbb-eaa 1
ghi-eaa 1
bif-eaa 1
bee-eaa 5
hjj-eaa 1
hbg-eaa 1
eji-eaa 1
401
4
bdha-eab 1
chi-eab 1
fh-eab 1
bbga-eab 4
402
5
jhi-eac 1
bagg-eac 2
cej-eac 4
big-eac 1
bcc-eac 1
403
4
dce-ead 2
caf-ead 4
dj-ead 1
chj-ead 1
404
7
edd-eae 1
icb-eae 5
gai-eae 1
gdc-eae 1
fhi-eae 1
fed-eae 1
bic-eae 1
405
4
jc-eaf 2
ghj-eaf 1
fgj-eaf 3
fde-eaf 2
406
5
ca-eag 1
cfa-eag 1
gff-eag 4
hea-eag 1
hgb-eag 1
407
5
gdj-eah 1
bbcf-eah 5
eca-eah 1
bcaj-eah 1
cgd-eah 1
408
4
ffa-eai 1
be-eai 1
bbec-eai 5
efh-eai 1
409
4
dfj-eaj 1
beec-eaj 4
eae-eaj 1
jfa-eaj 1
410
6
gih-eba 1
bebc-eba 1
cee-eba 1
bjj-eba 1
bif-eba 5
feb-eba 1
411
7
ggb-ebb 1
iij-ebb 2
ffd-ebb 2
beb-ebb 1
fff-ebb 1
fac-ebb 1
ebg-ebb 1
412
3
bjg-ebc 1
ecb-ebc 2
baej-ebc 4
413
8
bdae-ebd 2
badb-ebd 2
had-ebd 1
ejb-ebd 1
bcce-ebd 1
cag-ebd 1
cbb-ebd 1
dgi-ebd 1
414
6
ebb-ebe 1
bfhc-ebe 2
hfg-ebe 1
ceb-ebe 1
df-ebe 3
dgb-ebe 1
415
4
bge-ebf 1
ijf-ebf 3
bfd-ebf 1
fhf-ebf 2
416
3
fga-ebg 3
ghg-ebg 1
dcf-ebg 2
417
4
daf-ebh 1
icg-ebh 5
bahf-ebh 1
hdg-ebh 1
418
3
hfe-ebi 5
ebc-ebi 1
ebd-ebi 1
419
5
igf-ebj 1
djj-ebj 1
ehi-ebj 1
ghd-ebj 1
jgc-ebj 4
420
5
dhi-eca 1
eh-eca 1
dbf-eca 1
jff-eca 1
jga-eca 5
421
2
daj-ecb 1
bchc-ecb 5
422
10
fbe-ecc 1
edi-ecc 1
bdch-ecc 4
bdie-ecc 1
cd-ecc 1
babd-ecc 1
jc-ecc 1
gce-ecc 1
idf-ecc 1
ejd-ecc 1
423
3
fba-ecd 1
jfj-ecd 5
dha-ecd 1
424
4
ecd-ece 1
ici-ece 1
eeh-ece 1
eaa-ece 4
425
6
dc-ecf 1
dh-ecf 1
cib-ecf 1
dgb-ecf 1
eed-ecf 1
beh-ecf 4
426
3
fbc-ecg 1
bcca-ecg 5
dfa-ecg 1
427
5
hcd-ech 5
dbh-ech 1
bajd-ech 1
jjc-ech 1
fcf-ech 1
428
4
hcg-eci 4
jac-eci 2
dh-eci 1
cei-eci 1
429
3
fbc-ecj 1
ihi-ecj 4
gbj-ecj 1
430
7
igj-eda 1
bbdb-eda 1
dhf-eda 4
bdcg-eda 1
dgb-eda 1
hbd-eda 1
eai-eda 1
431
7
eci-edb 1
gec-edb 1
jj-edb 1
gdd-edb 3
ff-edb 1
fb-edb 1
iia-edb 1
432
5
baa-edc 3
ggi-edc 1
dci-edc 1
bhb-edc 1
ihi-edc 2
433
6
bai-edd 1
ebd-edd 1
dfa-edd 1
bdh-edd 1
cbe-edd 4
gag-edd 1
434
4
ejb-ede 1
jbb-ede 1
ffi-ede 1
jh-ede 5
435
6
bdag-edf 1
bdfe-edf 2
hba-edf 3
fah-edf 1
dic-edf 1
ci-edf 1
436
6
ggd-edg 1
ie-edg 1
jgh-edg 2
bgd-edg 1
ddc-edg 1
cde-edg 2
437
5
bbgb-edh 4
hcd-edh 1
beb-edh 1
cfj-edh 1
dah-edh 1
438
9
cfj-edi 1
ccg-edi 1
gah-edi 1
baib-edi 1
eja-edi 1
bda-edi 1
bjd-edi 1
egf-edi 2
gie-edi 2
439
2
egf-edj 5
egj-edj 1
440
4
gcc-eea 3
bgj-eea 2
igj-eea 1
djh-eea 1
441
4
bab-eeb 1
hei-eeb 2
hgh-eeb 3
dec-eeb 1
442
4
hci-eec 3
cbe-eec 1
bha-eec 1
dge-eec 3
443
4
fcg-eed 1
jhc-eed 1
iaa-eed 5
gcd-eed 1
444
3
fgi-eee 2
chb-eee 1
idg-eee 5
445
5
jad-eef 1
dej-eef 1
bdcd-eef 1
bdg-eef 5
bie-eef 1
446
6
badg-eeg 1
chg-eeg 1
dcc-eeg 1
bfc-eeg 2
dji-eeg 2
cfe-eeg 1
447
3
bcc-eeh 1
gbb-eeh 4
fbd-eeh 1
448
5
fii-eei 1
haj-eei 2
ejc-eei 1
beed-eei 5
bih-eei 1
449
4
bbif-eej 2
bcag-eej 1
chc-eej 1
bcih-eej 3
450
7
egc-efa 1
hch-efa 2
ii-efa 2
bccg-efa 2
dhd-efa 1
cbb-efa 1
jia-efa 3
451
3
bbgj-efb 1
ehc-efb 4
eib-efb 1
452
4
fdg-efc 1
bhh-efc 1
ehd-efc 4
hd-efc 1
453
4
fei-efd 5
iac-efd 1
bbc-efd 1
igj-efd 1
454
2
bcdb-efe 5
ija-efe 1
455
5
fff-eff 1
jge-eff 1
bjf-eff 4
bbed-eff 1
hgf-eff 1
456
5
bbj-efg 1
daf-efg 1
bcad-efg 3
fii-efg 1
iib-efg 3
457
7
ded-efh 2
bbeg-efh 1
fde-efh 1
ibb-efh 1
igc-efh 1
iic-efh 2
dci-efh 1
458
3
eec-efi 4
icc-efi 1
eed-efi 1
459
6
fje-efj 1
bbca-efj 2
bbfa-efj 2
fhc-efj 1
efe-efj 1
gde-efj 1
460
8
jca-ega 1
cbg-ega 1
bja-ega 4
bac-ega 1
feh-ega 1
bbac-ega 1
icf-ega 1
cgd-ega 1
461
6
jg-egb 1
efi-egb 1
bcdf-egb 4
hic-egb 1
cdg-egb 1
fdb-egb 1
462
2
ccj-egc 1
ddc-egc 2
463
4
bbf-egd 1
cfa-egd 5
ebd-egd 1
bdhg-egd 1
464
6
dib-ege 1
bg-ege 1
fdb-ege 1
dbb-ege 1
ecb-ege 2
ifi-ege 3
465
4
eae-egf 2
fge-egf 1
ifd-egf 3
cha-egf 1
466
5
die-egg 1
eaj-egg 2
jia-egg 1
ed-egg 1
idd-egg 3
467
3
cii-egh 1
gah-egh 1
iid-egh 5
468
4
hef-egi 3
ghc-egi 1
cdi-egi 2
efa-egi 1
469
6
ij-egj 1
baih-egj 2
ibi-egj 1
jj-egj 1
jdg-egj 3
dbi-egj 1
470
6
bcbi-eha 1
eid-eha 1
fgd-eha 1
bjj-eha 1
bbi-eha 1
cgh-eha 5
471
4
bj-ehb 1
bfc-ehb 1
fei-ehb 1
hib-ehb 5
472
2
cdh-ehc 1
iad-ehc 2
473
4
hjj-ehd 1
hcb-ehd 5
bffb-ehd 1
dfd-ehd 1
474
4
di-ehe 1
hje-ehe 1
bebj-ehe 1
ibh-ehe 4
475
5
hgh-ehf 2
cac-ehf 1
fag-ehf 2
jgj-ehf 2
caa-ehf 1
476
5
bdgh-ehg 2
cgg-ehg 1
hda-ehg 2
ddb-ehg 1
edf-ehg 3
477
5
gcc-ehh 1
ecf-ehh 4
had-ehh 1
dcc-ehh 1
dad-ehh 1
478
3
bbeg-ehi 1
jfd-ehi 5
fef-ehi 1
479
4
baeh-ehj 1
hbj-ehj 1
eci-ehj 2
bcgj-ehj 3
480
5
efc-eia 2
ddb-eia 1
bfa-eia 2
efb-eia 1
cjj-eia 1
481
4
dg-eib 1
bcji-eib 1
bbbe-eib 2
iih-eib 4
482
5
befh-eic 1
fhi-eic 1
ebb-eic 1
bfef-eic 2
bdfb-eic 3
483
6
ejg-eid 1
hc-eid 1
fbg-eid 1
bfhj-eid 2
bdg-eid 2
bddi-eid 1
484
5
gbb-eie 3
bbaf-eie 1
ffj-eie 2
gcf-eie 1
baf-eie 1
485
4
fdf-eif 4
hac-eif 1
daa-eif 1
djj-eif 1
486
4
fdf-eig 1
edi-eig 2
bfeh-eig 3
ede-eig 1
487
5
efh-eih 2
cag-eih 1
ifi-eih 2
daa-eih 2
jc-eih 1
488
4
cfd-eii 1
bgb-eii 1
bfdi-eii 4
fij-eii 1
489
5
dcc-eij 2
dfg-eij 1
jae-eij 3
ief-eij 1
bje-eij 1
490
3
babi-eja 5
iaj-eja 1
hej-eja 1
491
2
ibd-ejb 4
cdi-ejb 1
492
6
ggd-ejc 2
eia-ejc 1
gji-ejc 1
bcbe-ejc 3
daj-ejc 1
hgb-ejc 1
493
2
ige-ejd 5
iic-ejd 1
494
6
ebj-eje 1
ege-eje 1
iei-eje 2
gic-eje 1
cif-eje 1
bfj-eje 1
495
3
ecf-ejf 1
bgb-ejf 1
bfja-ejf 5
496
4
eb-ejg 1
chd-ejg 1
ghb-ejg 1
feg-ejg 4
497
4
egb-ejh 2
bbi-ejh 2
iaa-ejh 1
idi-ejh 2
498
5
cgh-eji 1
dih-eji 1
d-eji 2
hfb-eji 2
cdd-eji 1
499
2
hif-ejj 1
chf-ejj 5
500
5
dhg-faa 1
deg-faa 1
ice-faa 2
bbba-faa 3
dfb-faa 1
501
2
dbf-fab 2
dda-fab 1
502
5
hbc-fac 2
hdh-fac 1
cbi-fac 1
cbh-fac 1
bbii-fac 3
503
6
bdjg-fad 1
baei-fad 4
dih-fad 1
iej-fad 1
fgd-fad 1
cfh-fad 1
504
4
fej-fae 1
fje-fae 1
baba-fae 3
bdia-fae 3
505
3
bcja-faf 3
hid-faf 2
ice-faf 1
506
5
dbf-fag 5
bahb-fag 1
jif-fag 1
ggd-fag 1
hcd-fag 1
507
2
jbj-fah 2
bjf-fah 1
508
5
eff-fai 1
badj-fai 2
bcj-fai 1
fdh-fai 4
gdj-fai 1
509
6
iii-faj 1
bhe-faj 3
ghi-faj 1
fgi-faj 1
ggb-faj 2
ga-faj 1
510
4
bbdb-fba 5
cdi-fba 1
bge-fba 1
dii-fba 1
511
5
fid-fbb 1
jgi-fbb 5
jih-fbb 1
fic-fbb 1
geh-fbb 1
512
4
ejh-fbc 1
baag-fbc 2
fej-fbc 2
eeg-fbc 2
513
5
bih-fbd 2
eai-fbd 1
jhc-fbd 3
hej-fbd 2
ejj-fbd 1
514
3
bceh-fbe 5
fgi-fbe 1
bajc-fbe 1
515
1
jbh-fbf 1
516
2
dff-fbg 1
edb-fbg 2
517
6
bc-fbh 1
fgb-fbh 1
ib-fbh 1
hca-fbh 1
bcjg-fbh 1
fdh-fbh 3
518
5
bjb-fbi 3
cfg-fbi 1
dcc-fbi 1
eah-fbi 1
ebf-fbi 2
519
6
hb-fbj 1
fch-fbj 1
hdc-fbj 5
fdc-fbj 1
ieg-fbj 1
beig-fbj 1
520
5
gaj-fca 3
dce-fca 1
bcie-fca 1
jib-fca 1
bccg-fca 2
521
5
h-fcb 1
hbb-fcb 1
bcdf-fcb 5
fij-fcb 1
bhb-fcb 1
522
4
fjh-fcc 1
bfca-fcc 5
gbd-fcc 1
gic-fcc 1
523
4
cae-fcd 1
cba-fcd 5
hib-fcd 1
ghf-fcd 1
524
3
gia-fce 2
baec-fce 4
gjh-fce 1
525
7
cce-fcf 1
ebi-fcf 1
bff-fcf 1
baib-fcf 2
ehe-fcf 3
cgf-fcf 1
ejd-fcf 1
526
4
bbe-fcg 1
gcc-fcg 5
bcah-fcg 1
eig-fcg 1
527
8
eae-fch 2
hfc-fch 1
bfgh-fch 1
cjb-fch 1
fcf-fch 1
beaj-fch 1
ecb-fch 2
bcee-fch 1
528
8
bjf-fci 1
bbea-fci 2
fhg-fci 1
dfd-fci 1
iei-fci 1
dfh-fci 2
dei-fci 1
iba-fci 2
529
6
ffb-fcj 2
hge-fcj 2
heb-fcj 1
ghc-fcj 1
fcg-fcj 1
egd-fcj 1
530
6
bhi-fda 2
edf-fda 1
bbbd-fda 2
cfd-fda 1
bhj-fda 1
gca-fda 1
531
5
ccf-fdb 1
bcga-fdb 1
def-fdb 1
eha-fdb 5
ffg-fdb 1
532
6
dad-fdc 1
dhh-fdc 1
cif-fdc 1
bbjb-fdc 1
eg-fdc 1
bahi-fdc 3
533
9
dfb-fdd 1
bfie-fdd 1
baif-fdd 1
hid-fdd 1
bei-fdd 1
edd-fdd 2
bfha-fdd 1
baei-fdd 3
eaf-fdd 1
534
3
fih-fde 1
egb-fde 3
jj-fde 2
535
6
ibe-fdf 4
fdg-fdf 1
cgg-fdf 1
gdc-fdf 1
bade-fdf 1
fbj-fdf 1
536
5
bach-fdg 3
bhi-fdg 1
bdhg-fdg 2
gje-fdg 1
gbh-fdg 1
537
7
deb-fdh 4
ffa-fdh 1
gf-fdh 1
bcjh-fdh 1
cdc-fdh 1
cjd-fdh 1
hjd-fdh 1
538
2
bh-fdi 1
jii-fdi 5
539
2
bdfh-fdj 5
hbh-fdj 1
540
5
caf-fea 1
ee-fea 1
bbia-fea 3
bdcd-fea 3
bceb-fea 1
541
6
hgh-feb 1
dfh-feb 1
ieb-feb 4
ih-feb 1
cid-feb 1
ibd-feb 1
542
3
ffe-fec 1
bfij-fec 1
bfcg-fec 5
543
5
bbhb-fed 3
eac-fed 1
hdi-fed 3
fdh-fed 1
fjd-fed 1
544
5
bbaa-fee 3
be-fee 1
fff-fee 1
ecb-fee 2
ihf-fee 2
545
5
bfdg-fef 4
je-fef 1
bdad-fef 1
bbfh-fef 1
dfe-fef 1
546
6
bcgj-feg 1
hgh-feg 5
bd-feg 1
ijc-feg 1
bi-feg 1
ihh-feg 1
547
5
chc-feh 1
hei-feh 1
djg-feh 4
bch-feh 1
bbdc-feh 1
548
6
fbi-fei 1
begd-fei 5
ffc-fei 1
eeg-fei 1
bcgi-fei 1
dbc-fei 1
549
4
dfe-fej 2
gcg-fej 3
hhe-fej 2
eji-fej 1
550
5
gch-ffa 2
dce-ffa 1
bfef-ffa 3
df-ffa 1
idb-ffa 1
551
7
gda-ffb 1
i-ffb 1
cfd-ffb 1
dab-ffb 3
jfe-ffb 1
ica-ffb 2
cbd-ffb 1
552
3
hbb-ffc 5
ejg-ffc 1
bgc-ffc 1
553
3
eia-ffd 1
dij-ffd 5
jaf-ffd 1
554
2
baba-ffe 1
hdc-ffe 2
555
7
baae-fff 2
edi-fff 1
fgj-fff 1
chc-fff 1
baj-fff 2
hfd-fff 2
jbf-fff 1
556
1
ffi-ffg 1
557
2
e-ffh 5
fja-ffh 1
558
5
cdj-ffi 1
gaj-ffi 1
cif-ffi 2
bcdd-ffi 3
fed-ffi 1
559
4
gfi-ffj 4
gih-ffj 1
dfd-ffj 1
baid-ffj 1
560
8
ceb-fga 1
cie-fga 1
bhe-fga 3
gei-fga 1
eae-fga 2
bbhg-fga 1
bdib-fga 1
igi-fga 1
561
3
dba-fgb 1
eei-fgb 1
gff-fgb 5
562
5
dbd-fgc 1
dgd-fgc 1
jad-fgc 1
cjb-fgc 1
bagf-fgc 5
563
6
dij-fgd 1
ffa-fgd 1
bie-fgd 3
bfff-fgd 5
fb-fgd 1
bfic-fgd 3
564
2
ibf-fge 1
gjf-fge 5
565
2
ha-fgf 2
def-fgf 1
566
2
ice-fgg 2
bih-fgg 1
567
3
jjf-fgh 1
jcf-fgh 4
dbh-fgh 1
568
4
dfg-fgi 5
hjf-fgi 1
eeh-fgi 1
bcbi-fgi 1
569
4
bdc-fgj 1
egh-fgj 1
gbh-fgj 1
ghj-fgj 5
570
3
bfig-fha 1
fhc-fha 5
bfi-fha 1
571
6
hfe-fhb 1
bfcb-fhb 4
beeb-fhb 1
feb-fhb 1
bajf-fhb 1
beaa-fhb 1
572
6
cba-fhc 1
ijj-fhc 1
bgea-fhc 1
bfed-fhc 5
bbi-fhc 1
hch-fhc 1
573
4
cih-fhd 3
dea-fhd 1
dgi-fhd 1
hic-fhd 2
574
5
jbe-fhe 1
gge-fhe 1
hci-fhe 2
dic-fhe 1
ebh-fhe 2
575
2
ffb-fhf 1
gad-fhf 5
576
4
fjc-fhg 2
da-fhg 1
jbb-fhg 1
bbfh-fhg 4
577
1
cba-fhh 1
578
4
jcb-fhi 2
idd-fhi 1
bja-fhi 4
bcgj-fhi 1
579
5
fgf-fhj 1
bgde-fhj 2
fag-fhj 2
ii-fhj 2
gaj-fhj 1
580
4
cdd-fia 1
gcc-fia 4
bb-fia 1
hga-fia 1
581
3
fgb-fib 5
bag-fib 1
gjb-fib 1
582
6
ijd-fic 1
ifh-fic 1
hgg-fic 1
cif-fic 1
bgaj-fic 3
cea-fic 2
583
6
hh-fid 1
cih-fid 1
bbaa-fid 5
gif-fid 1
fh-fid 1
cdd-fid 1
584
3
bccf-fie 3
efe-fie 3
ffb-fie 1
585
4
bfcg-fif 1
gge-fif 4
bbc-fif 1
ibj-fif 1
586
6
dec-fig 2
eib-fig 3
gfa-fig 1
bjc-fig 1
bfj-fig 1
ejg-fig 1
587
3
id-fih 4
bcc-fih 1
ed-fih 1
588
4
bcfh-fii 1
bagb-fii 3
haf-fii 1
gde-fii 2
589
3
bdfi-fij 2
fdf-fij 2
ebj-fij 3
590
3
bhf-fja 1
cih-fja 1
edj-fja 5
591
9
gef-fjb 2
caa-fjb 1
egg-fjb 1
gcg-fjb 1
cij-fjb 1
bggb-fjb 1
hc-fjb 1
cja-fjb 1
hae-fjb 3
592
5
dbg-fjc 1
baee-fjc 1
bcff-fjc 1
hdf-fjc 1
cie-fjc 5
593
2
cif-fjd 2
ecc-fjd 1
594
4
hdj-fje 1
bbac-fje 2
fba-fje 2
hci-fje 2
595
3
jhf-fjf 1
fhc-fjf 1
bahg-fjf 1
596
2
bhg-fjg 1
bcfe-fjg 5
597
6
g-fjh 2
ddd-fjh 1
fdf-fjh 1
babb-fjh 1
baij-fjh 3
ei-fjh 1
598
9
ejc-fji 1
bgb-fji 1
hh-fji 1
jbi-fji 3
ehf-fji 1
iga-fji 1
fij-fji 1
bddi-fji 1
cdf-fji 1
599
3
bbg-fjj 3
ddi-fjj 2
gj-fjj 1
600
4
gie-gaa 1
gbb-gaa 1
gjf-gaa 1
bacj-gaa 5
601
3
ca-gab 1
gdh-gab 5
ejg-gab 1
602
1
cca-gac 1
603
6
bf-gad 1
jjh-gad 1
cdf-gad 1
bjc-gad 1
hij-gad 2
bdfe-gad 3
604
7
ceb-gae 1
bfi-gae 2
eig-gae 1
jci-gae 1
hca-gae 1
bd-gae 1
ghc-gae 2
605
1
bjh-gaf 1
606
5
dgc-gag 2
bahg-gag 1
jij-gag 2
dff-gag 1
bcba-gag 1
607
5
ici-gah 1
iaf-gah 4
fac-gah 1
cjc-gah 1
cdd-gah 1
608
2
daa-gai 1
gff-gai 2
609
4
iae-gaj 1
ccf-gaj 1
bcde-gaj 1
di-gaj 11
610
5
hgc-gba 1
bbib-gba 2
fdi-gba 1
gcb-gba 1
bbge-gba 3
611
6
cgb-gbb 1
bfjj-gbb 2
dhf-gbb 1
efh-gbb 1
eja-gbb 3
becb-gbb 1
612
6
bej-gbc 1
baab-gbc 2
bbh-gbc 1
hb-gbc 1
ga-gbc 1
bbhc-gbc 1
613
4
cg-gbd 1
fcb-gbd 3
bbcd-gbd 3
gca-gbd 1
614
1
bgfd-gbe 1
615
4
bbeh-gbf 1
bdcf-gbf 2
ccj-gbf 2
fgd-gbf 2
616
4
hhb-gbg 1
dhh-gbg 3
bbcb-gbg 1
dga-gbg 1
617
3
ejj-gbh 1
dje-gbh 1
ff-gbh 5
618
7
dib-gbi 1
bacg-gbi 1
ej-gbi 1
bbeh-gbi 2
ifc-gbi 3
cfd-gbi 1
dbi-gbi 1
619
4
jej-gbj 1
eaa-gbj 1
bbfi-gbj 5
gch-gbj 1
620
7
haj-gca 2
iid-gca 1
hbg-gca 2
bbfc-gca 1
ddd-gca 1
jig-gca 1
gfd-gca 1
621
6
jca-gcb 1
bch-gcb 1
bafh-gcb 1
bbbb-gcb 1
bfbd-gcb 3
cab-gcb 2
622
8
ejb-gcc 1
baee-gcc 1
cdh-gcc 3
baad-gcc 1
bbii-gcc 1
gaj-gcc 1
bafc-gcc 2
iie-gcc 1
623
4
bgbi-gcd 1
ja-gcd 1
egf-gcd 4
bbjd-gcd 1
624
3
bdfi-gce 1
dhb-gce 1
fai-gce 4
625
3
daf-gcf 1
cgj-gcf 2
baii-gcf 3
626
4
hgd-gcg 1
cce-gcg 1
chg-gcg 1
ijg-gcg 5
627
5
eja-gch 1
cih-gch 1
fjh-gch 1
bdc-gch 5
ffb-gch 1
628
6
bga-gci 2
ghh-gci 1
gid-gci 1
fdc-gci 1
cea-gci 1
igb-gci 3
629
2
ged-gcj 1
ebb-gcj 2
630
2
bdcf-gda 1
ihh-gda 5
631
4
bbg-gdb 1
cb-gdb 1
eah-gdb 5
bdci-gdb 1
632
5
babf-gdc 2
cah-gdc 1
ifc-gdc 3
gbe-gdc 1
igj-gdc 1
633
4
dgb-gdd 2
efh-gdd 1
bcag-gdd 3
hfi-gdd 1
634
5
cdd-gde 2
gba-gde 1
hed-gde 1
gah-gde 1
baeb-gde 4
635
4
hjh-gdf 1
bchf-gdf 3
gfe-gdf 2
bhc-gdf 1
636
5
bddj-gdg 4
db-gdg 1
bajh-gdg 1
hag-gdg 1
gfd-gdg 1
637
4
iih-gdh 1
if-gdh 1
jci-gdh 5
bdfd-gdh 1
638
1
jcc-gdi 1
639
3
dib-gdj 1
cei-gdj 1
gjg-gdj 4
640
5
eaa-gea 1
cda-gea 1
edi-gea 2
jh-gea 1
dea-gea 3
641
5
eff-geb 1
begg-geb 2
fcb-geb 1
hfa-geb 1
hhd-geb 3
642
2
ffc-gec 1
ihd-gec 3
643
1
bdbj-ged 1
644
1
dda-gee 1
645
4
dfi-gef 5
gij-gef 1
gfh-gef 1
bdgj-gef 2
646
4
baaa-geg 1
gaj-geg 1
bfcj-geg 3
cie-geg 2
647
4
gah-geh 1
bjh-geh 1
iai-geh 1
jg-geh 5
648
4
eeb-gei 1
iba-gei 2
daf-gei 3
ffa-gei 1
649
5
hgi-gej 3
bge-gej 1
cab-gej 1
gda-gej 1
fec-gej 2
650
2
bgeg-gfa 1
hbc-gfa 1
651
4
gfj-gfb 1
g-gfb 1
bcbi-gfb 1
jhj-gfb 5
652
4
bcb-gfc 2
baha-gfc 2
ccf-gfc 1
bche-gfc 2
653
3
hjb-gfd 1
gch-gfd 2
bdbg-gfd 4
654
3
hfa-gfe 1
bif-gfe 1
baci-gfe 5
655
7
egf-gff 1
ehe-gff 1
bga-gff 1
eci-gff 1
hh-gff 1
idi-gff 5
jbi-gff 1
656
4
jaj-gfg 1
chc-gfg 1
cef-gfg 1
bahh-gfg 5
657
4
ffb-gfh 2
iga-gfh 3
jaj-gfh 2
bi-gfh 1
658
5
jeh-gfi 1
ghc-gfi 1
dbd-gfi 1
ech-gfi 1
becd-gfi 5
659
1
bdba-gfj 1
660
3
gbc-gga 1
bhe-gga 5
hhe-gga 3
661
4
eae-ggb 4
bej-ggb 1
igf-ggb 1
bee-ggb 1
662
2
bgae-ggc 2
id-ggc 1
663
4
djj-ggd 1
cjh-ggd 1
jhh-ggd 4
igd-ggd 1
664
9
bfid-gge 1
ehc-gge 1
beai-gge 1
ifg-gge 1
gaj-gge 1
bdc-gge 1
eeb-gge 1
beg-gge 1
efd-gge 4
665
5
feh-ggf 3
jfj-ggf 4
ibj-ggf 1
bcdj-ggf 1
hab-ggf 1
666
4
dij-ggg 5
die-ggg 1
bih-ggg 1
caf-ggg 1
667
1
cab-ggh 1
668
3
cbc-ggi 1
bfc-ggi 2
cgh-ggi 2
669
1
idj-ggj 1
670
4
bfgj-gha 1
ifc-gha 3
gdh-gha 2
gii-gha 1
671
6
bgef-ghb 1
bbfg-ghb 3
ccg-ghb 1
idb-ghb 2
bgae-ghb 1
bbff-ghb 1
672
8
fea-ghc 1
fhi-ghc 1
jjf-ghc 1
beid-ghc 3
efi-ghc 1
cib-ghc 1
bch-ghc 1
begg-ghc 1
673
3
bae-ghd 1
egj-ghd 5
did-ghd 1
674
3
cji-ghe 1
ggg-ghe 1
ccb-ghe 1
675
1
ggb-ghf 1
676
4
fhb-ghg 4
dhh-ghg 1
fdj-ghg 1
cej-ghg 1
677
3
cbc-ghh 5
bacj-ghh 1
fdi-ghh 1
678
4
bge-ghi 1
cic-ghi 1
hai-ghi 1
daf-ghi 4
679
5
eig-ghj 1
hec-ghj 1
fdb-ghj 1
bcbc-ghj 5
fcd-ghj 1
680
4
egg-gia 3
hbf-gia 2
ied-gia 2
ccg-gia 1
681
3
cic-gib 1
ehj-gib 1
bbhf-gib 5
682
5
gge-gic 1
bbga-gic 1
bjc-gic 1
fed-gic 1
dhi-gic 4
683
2
cjj-gid 5
ddg-gid 1
684
3
ihe-gie 1
iih-gie 5
ici-gie 1
685
5
bcdi-gif 1
jea-gif 2
gdf-gif 1
bcig-gif 1
hge-gif 3
686
4
cec-gig 2
ijf-gig 2
bbe-gig 2
gj-gig 1
687
5
baai-gih 1
bbfb-gih 1
fic-gih 1
badc-gih 4
die-gih 1
688
3
baab-gii 4
ib-gii 1
cgf-gii 1
689
5
bei-gij 2
fgh-gij 1
ehh-gij 1
ehf-gij 1
ibd-gij 3
690
2
ecd-gja 5
bajc-gja 1
691
1
ebc-gjb 1
692
5
hg-gjc 1
ca-gjc 1
gbe-gjc 2
hji-gjc 1
behb-gjc 3
693
1
gad-gjd 1
694
4
b-gje 1
bbdf-gje 3
bhc-gje 4
eca-gje 1
695
3
hdh-gjf 1
ieg-gjf 4
dig-gjf 2
696
6
egg-gjg 1
bdda-gjg 2
bbic-gjg 1
bfb-gjg 1
behg-gjg 2
dci-gjg 1
697
3
cje-gjh 1
cbg-gjh 5
dfd-gjh 1
698
2
bbgf-gji 1
ghe-gji 1
699
4
fbi-gjj 1
cg-gjj 1
iii-gjj 4
hhe-gjj 1
700
4
dg-haa 1
dbe-haa 1
bjj-haa 2
bcea-haa 4
701
3
gc-hab 2
bcfg-hab 3
fij-hab 2
702
4
gdb-hac 3
gid-hac 1
bcbg-hac 2
eif-hac 1
703
1
iec-had 1
704
6
idb-hae 1
hea-hae 1
bbic-hae 3
fac-hae 1
ije-hae 1
chi-hae 2
705
4
jda-haf 5
bbcd-haf 1
cdd-haf 1
jji-haf 1
706
6
dic-hag 1
hje-hag 3
bcgb-hag 1
beje-hag 1
dfg-hag 1
ecj-hag 1
707
4
efj-hah 2
ghg-hah 1
fda-hah 4
dcd-hah 1
708
3
hfh-hai 4
bce-hai 1
bfh-hai 1
709
1
bdjj-haj 1
710
3
bega-hba 2
bdbi-hba 3
gee-hba 1
711
4
eee-hbb 1
cfb-hbb 1
cgj-hbb 1
fac-hbb 4
712
3
bdif-hbc 1
jdg-hbc 3
ffc-hbc 3
713
6
jjf-hbd 1
iah-hbd 1
bei-hbd 1
bcbd-hbd 1
bdff-hbd 4
eij-hbd 1
714
3
fc-hbe 4
edh-hbe 1
fji-hbe 2
715
3
fcf-hbf 4
jf-hbf 1
dga-hbf 1
716
5
egh-hbg 1
gde-hbg 1
jh-hbg 1
ife-hbg 2
bdjf-hbg 2
717
4
ifg-hbh 1
dbj-hbh 1
ci-hbh 2
babe-hbh 4
718
2
egd-hbi 1
jfh-hbi 2
719
2
bedf-hbj 2
jge-hbj 1
720
7
ead-hca 1
jid-hca 1
ejj-hca 1
ibe-hca 2
cib-hca 1
g-hca 1
hcf-hca 1
721
5
bdfa-hcb 1
jba-hcb 1
cha-hcb 1
bahd-hcb 5
ffe-hcb 1
722
2
iee-hcc 1
cie-hcc 2
723
5
hhf-hcd 1
ghf-hcd 1
bgi-hcd 1
jee-hcd 4
bdhb-hcd 1
724
7
ejf-hce 2
dha-hce 1
gfj-hce 1
eab-hce 2
bde-hce 1
beaf-hce 1
bchf-hce 2
725
5
cih-hcf 1
bbae-hcf 1
gad-hcf 4
b-hcf 1
hhc-hcf 1
726
4
ja-hcg 1
baed-hcg 2
jjg-hcg 1
ibf-hcg 4
727
4
fci-hch 2
jcb-hch 1
gdg-hch 3
ghe-hch 1
728
5
fbf-hci 1
ggi-hci 3
baef-hci 1
bdff-hci 2
geh-hci 2
729
6
hdb-hcj 2
bbgd-hcj 4
bbbg-hcj 1
jd-hcj 2
ejb-hcj 1
eec-hcj 2
730
5
idc-hda 2
ea-hda 1
eda-hda 1
dec-hda 3
ffb-hda 2
731
4
jh-hdb 1
bfhg-hdb 4
bejg-hdb 2
fei-hdb 1
732
6
jbf-hdc 2
bdac-hdc 2
gig-hdc 1
cbi-hdc 1
cej-hdc 1
befb-hdc 2
733
4
ejb-hdd 1
cih-hdd 1
bdg-hdd 5
bcf-hdd 1
734
3
bbjf-hde 1
jfh-hde 4
gdj-hde 1
735
5
dci-hdf 1
bcfg-hdf 1
gbh-hdf 2
bbha-hdf 4
fad-hdf 1
736
3
dac-hdg 1
fjc-hdg 5
eba-hdg 1
737
3
fec-hdh 4
ihb-hdh 2
baga-hdh 1
738
3
iae-hdi 1
beah-hdi 5
bic-hdi 1
739
4
jbj-hdj 1
haa-hdj 3
eci-hdj 2
bci-hdj 1
740
8
befg-hea 3
jb-hea 1
djb-hea 2
bcji-hea 1
jjg-hea 1
fdf-hea 1
bdfd-hea 1
cb-hea 1
741
2
fab-heb 1
icg-heb 5
742
4
bdda-hec 1
fai-hec 1
bdhc-hec 3
bfjg-hec 2
743
3
ffe-hed 2
bcbg-hed 4
bfei-hed 1
744
3
bfhd-hee 4
gbf-hee 2
ijb-hee 1
745
5
bfch-hef 1
bjd-hef 5
beg-hef 1
bge-hef 1
gha-hef 1
746
3
ceb-heg 1
fid-heg 1
bcdd-heg 5
747
4
ggc-heh 1
ed-heh 1
dcb-heh 1
hii-heh 4
748
3
if-hei 3
ie-hei 1
fad-hei 2
749
4
cec-hej 3
bgbd-hej 2
ccd-hej 1
gcc-hej 1
750
5
dgc-hfa 3
jhg-hfa 1
bdi-hfa 1
befe-hfa 1
jga-hfa 1
751
5
bff-hfb 2
beh-hfb 1
egc-hfb 1
icd-hfb 3
gc-hfb 1
752
3
bcdc-hfc 2
gjh-hfc 4
gab-hfc 1
753
4
eih-hfd 3
bad-hfd 2
bcec-hfd 1
ddc-hfd 1
754
4
dfb-hfe 1
gac-hfe 1
bahd-hfe 4
ejg-hfe 2
755
3
bbci-hff 1
bacc-hff 3
hge-hff 2
756
3
ij-hfg 1
gfd-hfg 1
bbac-hfg 5
757
5
ihf-hfh 1
ibb-hfh 1
bbaj-hfh 1
eci-hfh 1
ede-hfh 4
758
3
heb-hfi 1
eci-hfi 1
beih-hfi 5
759
3
jfc-hfj 1
gaa-hfj 1
bfhi-hfj 5
760
2
fdb-hga 1
bbg-hga 5
761
6
dfj-hgb 1
iaj-hgb 1
bccd-hgb 1
gcc-hgb 1
bdf-hgb 1
hfc-hgb 3
762
4
fea-hgc 1
fia-hgc 3
dej-hgc 1
hje-hgc 3
763
2
bbfa-hgd 1
bedb-hgd 1
764
3
efg-hge 1
jdc-hge 1
beff-hge 5
765
4
bci-hgf 1
fea-hgf 1
bafe-hgf 1
icd-hgf 2
766
3
ddc-hgg 1
ehf-hgg 1
baib-hgg 1
767
2
deg-hgh 1
dej-hgh 5
768
4
cdb-hgi 1
baai-hgi 1
baja-hgi 4
hah-hgi 1
769
1
bbjj-hgj 1
770
6
dag-hha 1
ihj-hha 4
ii-hha 1
baad-hha 1
bi-hha 1
hdd-hha 1
771
5
bbaa-hhb 2
fj-hhb 1
gfa-hhb 2
bbaj-hhb 1
dfa-hhb 1
772
3
fhc-hhc 1
beff-hhc 5
eia-hhc 1
773
4
gaa-hhd 5
bdec-hhd 1
bbd-hhd 1
ch-hhd 1
774
5
fcd-hhe 1
eff-hhe 4
gja-hhe 1
bdfa-hhe 1
dji-hhe 1
775
4
bafj-hhf 2
bcf-hhf 7
ed-hhf 1
dag-hhf 1
776
4
ga-hhg 1
hbb-hhg 2
bcd-hhg 1
dgd-hhg 3
777
2
haa-hhh 1
ebd-hhh 3
778
2
bdci-hhi 5
dcj-hhi 1
779
7
idc-hhj 1
chi-hhj 1
cbg-hhj 1
jec-hhj 2
bfag-hhj 3
hie-hhj 1
beb-hhj 1
780
3
jdd-hia 4
dbf-hia 1
bbie-hia 1
781
3
bbi-hib 5
bbfb-hib 1
ccc-hib 1
782
4
dhd-hic 1
chh-hic 1
dcc-hic 1
bgcf-hic 4
783
1
bgdg-hid 1
784
2
bjg-hie 1
bgbb-hie 2
785
3
fje-hif 2
ggc-hif 3
cii-hif 2
786
3
fig-hig 5
gb-hig 1
che-hig 3
787
5
bdbe-hih 1
bfg-hih 1
iaf-hih 2
eii-hih 1
ddh-hih 4
788
4
jaj-hii 1
cgi-hii 5
fej-hii 1
djb-hii 1
789
6
hag-hij 1
bbbd-hij 1
bji-hij 3
fj-hij 1
dif-hij 2
jff-hij 1
790
2
fae-hja 2
gbd-hja 1
791
3
cfh-hjb 5
cbb-hjb 1
bde-hjb 1
792
7
bfhe-hjc 3
gaj-hjc 1
edj-hjc 1
hbi-hjc 1
ifd-hjc 1
hcc-hjc 1
bbfi-hjc 3
793
2
fef-hjd 5
bbd-hjd 1
794
2
fgj-hje 1
bdja-hje 2
795
3
beji-hjf 1
edj-hjf 5
gid-hjf 1
796
7
igd-hjg 1
jgg-hjg 1
jdh-hjg 1
eda-hjg 1
cfa-hjg 2
gdj-hjg 1
gci-hjg 1
797
2
caj-hjh 5
bcg-hjh 1
798
3
iac-hji 1
hfj-hji 5
bba-hji 1
799
7
cjf-hjj 1
bace-hjj 1
fe-hjj 1
fgd-hjj 3
beea-hjj 1
bgc-hjj 1
gah-hjj 2
800
6
ead-iaa 1
eef-iaa 1
dhc-iaa 3
deb-iaa 1
cij-iaa 1
jcg-iaa 3
801
3
cdh-iab 1
bdbh-iab 1
ech-iab 4
802
3
eic-iac 1
hbi-iac 4
hia-iac 2
803
5
dd-iad 1
d-iad 1
cba-iad 1
cgd-iad 4
jcd-iad 1
804
5
cib-iae 1
fjd-iae 1
bcd-iae 1
cjg-iae 1
cdf-iae 5
805
4
ejf-iaf 1
jd-iaf 1
ecj-iaf 1
gjf-iaf 5
806
4
bage-iag 5
ihd-iag 1
ejg-iag 1
begg-iag 1
807
2
dad-iah 5
fei-iah 1
808
4
dje-iai 5
jh-iai 1
beja-iai 1
gf-iai 1
809
3
bddg-iaj 4
gci-iaj 1
gbh-iaj 1
810
5
ejb-iba 1
bbbj-iba 1
bcb-iba 1
bbba-iba 3
bafb-iba 3
811
2
iha-ibb 5
bead-ibb 1
812
2
bbgf-ibc 2
egb-ibc 1
813
2
bgcj-ibd 2
bdhd-ibd 1
814
3
jbe-ibe 1
bbcc-ibe 3
fba-ibe 3
815
3
dih-ibf 2
bffh-ibf 3
dje-ibf 2
816
4
bafg-ibg 1
efj-ibg 1
fhg-ibg 4
ceb-ibg 1
817
3
babb-ibh 3
eja-ibh 2
bahj-ibh 1
818
5
gi-ibi 1
fdi-ibi 3
jib-ibi 1
bjc-ibi 2
fii-ibi 1
819
4
bbcd-ibj 1
dfd-ibj 3
hae-ibj 1
bbdb-ibj 2
820
5
edc-ica 1
bcfh-ica 1
jde-ica 1
becf-ica 3
dgi-ica 2
821
3
fib-icb 1
hfi-icb 5
fhj-icb 1
822
2
fdh-icc 1
edb-icc 1
823
5
hcd-icd 1
jaj-icd 2
eig-icd 1
jaa-icd 1
hj-icd 3
824
3
ehd-ice 5
hgi-ice 1
jfh-ice 1
825
4
cih-icf 1
bcha-icf 1
dbb-icf 1
fce-icf 4
826
3
bcdi-icg 2
bjj-icg 4
gcg-icg 1
827
2
djd-ich 1
beei-ich 5
828
3
jc-ici 5
dfa-ici 1
cj-ici 1
829
2
hbe-icj 1
jie-icj 5
830
5
bcfd-ida 5
jbh-ida 1
ehj-ida 1
bhf-ida 1
hee-ida 1
831
7
cii-idb 1
bfjd-idb 1
ghi-idb 2
bach-idb 2
cdh-idb 1
fce-idb 1
jcb-idb 1
832
3
iij-idc 1
djj-idc 1
gjg-idc 5
833
4
fj-idd 1
fih-idd 1
bfda-idd 4
bbah-idd 2
834
1
fgc-ide 1
835
5
bajg-idf 1
efa-idf 2
dii-idf 1
jhi-idf 1
dh-idf 3
836
4
bfi-idg 1
ic-idg 1
dhd-idg 4
bagf-idg 1
837
3
gdg-idh 1
bad-idh 1
hhg-idh 1
838
5
bgfa-idi 3
bbdd-idi 1
ech-idi 2
baeh-idi 1
hhc-idi 1
839
3
fdj-idj 3
bgf-idj 1
bcc-idj 3
840
4
chb-iea 1
eeb-iea 1
bij-iea 1
bebf-iea 5
841
3
fhb-ieb 4
bdaj-ieb 1
bbie-ieb 1
842
5
iff-iec 1
fgf-iec 1
hfg-iec 5
hfh-iec 1
bbca-iec 1
843
4
bbid-ied 3
hhb-ied 1
jac-ied 2
bche-ied 1
844
3
baje-iee 2
efc-iee 3
bdcd-iee 1
845
4
bbah-ief 2
hag-ief 1
bfc-ief 3
ea-ief 1
846
5
ffh-ieg 2
ebg-ieg 1
idd-ieg 3
hcd-ieg 1
fjj-ieg 1
847
4
caj-ieh 1
bjg-ieh 1
bchj-ieh 4
bge-ieh 1
848
6
behf-iei 1
efg-iei 2
gdf-iei 1
bcgb-iei 1
hgi-iei 2
dbf-iei 1
849
2
bbh-iej 5
bdi-iej 1
850
5
ccc-ifa 2
bdbe-ifa 1
bbbi-ifa 1
bdih-ifa 1
hcf-ifa 3
851
3
fgh-ifb 1
dfh-ifb 4
bagh-ifb 2
852
6
jid-ifc 1
ejj-ifc 1
fdj-ifc 1
cee-ifc 1
gfa-ifc 1
bchg-ifc 4
853
4
bbhd-ifd 3
bah-ifd 1
ijh-ifd 1
cf-ifd 2
854
3
hjf-ife 4
dad-ife 2
bbdj-ife 1
855
5
jgf-iff 1
fb-iff 1
cgi-iff 1
efe-iff 4
bjb-iff 1
856
3
bgeb-ifg 3
jci-ifg 1
be-ifg 2
857
4
baga-ifh 2
baai-ifh 1
cid-ifh 3
eif-ifh 1
858
2
bcci-ifi 2
badf-ifi 1
859
1
chb-ifj 1
860
2
gfj-iga 1
ebb-iga 2
861
2
gb-igb 1
cif-igb 5
862
3
bcgi-igc 5
gh-igc 1
eaf-igc 1
863
3
ggg-igd 3
ife-igd 2
hfd-igd 1
864
3
dbj-ige 2
hjc-ige 4
dbi-ige 1
865
1
egi-igf 1
866
1
babd-igg 1
867
1
hag-igh 1
868
3
bcbj-igi 4
gag-igi 1
bbg-igi 2
869
4
bdie-igj 2
gih-igj 1
jba-igj 3
dde-igj 1
870
4
jfa-iha 1
bcdj-iha 4
bbfe-iha 1
hgf-iha 1
871
2
bbcj-ihb 5
eii-ihb 1
872
3
ehj-ihc 4
jfd-ihc 1
eba-ihc 1
873
4
fj-ihd 1
bgei-ihd 1
bbdd-ihd 3
behh-ihd 3
874
3
hdg-ihe 4
hdj-ihe 1
hdi-ihe 2
875
5
bfcc-ihf 1
bbad-ihf 5
cfb-ihf 1
ijj-ihf 1
eh-ihf 1
876
4
cdj-ihg 2
gbf-ihg 1
gij-ihg 3
bcj-ihg 1
877
3
eef-ihh 1
cib-ihh 4
gih-ihh 2
878
5
hdb-ihi 1
gjh-ihi 1
jg-ihi 1
bebh-ihi 1
bdgf-ihi 5
879
2
cef-ihj 1
caf-ihj 2
880
3
fid-iia 1
fgb-iia 5
hfh-iia 1
881
5
id-iib 2
bafa-iib 1
cfb-iib 1
baeb-iib 4
chd-iib 1
882
4
jje-iic 3
iie-iic 1
fag-iic 2
gfa-iic 1
883
4
cej-iid 1
iae-iid 1
bfei-iid 1
ffa-iid 4
884
5
jee-iie 3
bec-iie 1
bgc-iie 1
bejf-iie 2
cbb-iie 1
885
2
hif-iif 1
bbei-iif 2
886
3
hcg-iig 5
ddg-iig 1
hjb-iig 1
887
1
hbj-iih 1
888
1
bbib-iii 1
889
1
baaa-iij 1
890
3
dbj-ija 3
iaa-ija 3
bcfe-ija 1
891
1
ega-ijb 1
892
4
bbf-ijc 2
hg-ijc 1
bcij-ijc 1
cgi-ijc 3
893
3
gdh-ijd 1
beda-ijd 5
hfi-ijd 1
894
4
bbbj-ije 1
gda-ije 1
bef-ije 1
beef-ije 4
895
2
bj-ijf 5
hei-ijf 1
896
2
ig-ijg 1
behi-ijg 5
897
2
bii-ijh 2
hhg-ijh 1
898
1
gd-iji 1
899
2
iaf-ijj 5
cff-ijj 1
900
3
cf-jaa 1
bbjh-jaa 5
jbg-jaa 1
901
3
gbe-jab 3
djh-jab 1
baej-jab 2
902
5
bgg-jac 1
ghg-jac 2
hca-jac 1
ejj-jac 2
ibb-jac 2
903
3
dgj-jad 1
bcij-jad 5
djc-jad 1
904
3
ee-jae 1
bbih-jae 5
cja-jae 1
905
2
bdig-jaf 5
bgd-jaf 1
906
3
cg-jag 2
bdij-jag 1
cbc-jag 4
907
6
bajg-jah 1
cfe-jah 1
bcif-jah 1
bchh-jah 3
baia-jah 2
fie-jah 1
908
5
bbbg-jai 2
gbj-jai 3
efa-jai 1
hah-jai 1
bffi-jai 1
909
2
ebd-jaj 5
iic-jaj 1
910
3
cgd-jba 1
gej-jba 5
bdef-jba 1
911
2
gjc-jbb 1
dhg-jbb 1
912
2
jca-jbc 5
gbg-jbc 1
913
3
bgh-jbd 1
dij-jbd 2
bfad-jbd 3
914
3
de-jbe 1
fbj-jbe 4
bbig-jbe 1
915
5
cc-jbf 1
bedi-jbf 5
gfg-jbf 1
hai-jbf 1
jbe-jbf 1
916
5
igc-jbg 1
ehd-jbg 3
bdid-jbg 1
bjd-jbg 1
baie-jbg 3
917
3
dbd-jbh 3
babf-jbh 3
bji-jbh 1
918
2
bdcc-jbi 5
hai-jbi 1
919
5
jhb-jbj 2
ieg-jbj 1
daa-jbj 1
ejd-jbj 2
hdc-jbj 2
920
4
fdh-jca 1
jde-jca 1
jfg-jca 4
idf-jca 1
921
4
faj-jcb 3
gae-jcb 2
ihh-jcb 1
hhf-jcb 1
922
3
fej-jcc 1
fjg-jcc 1
gfb-jcc 4
923
4
hgh-jcd 2
bagh-jcd 1
jcc-jcd 3
ied-jcd 1
924
1
bafi-jce 1
925
3
ghe-jcf 1
igj-jcf 4
djc-jcf 1
926
3
ggg-jcg 5
cfj-jcg 1
babe-jcg 1
927
1
hhh-jch 1
928
6
fb-jci 1
hhe-jci 1
beia-jci 1
bfbf-jci 5
fch-jci 1
gih-jci 1
929
1
ceb-jcj 1
930
3
bdig-jda 5
cjb-jda 1
bgdf-jda 1
931
5
jji-jdb 1
hge-jdb 2
cgf-jdb 2
jhc-jdb 1
bbaj-jdb 1
932
3
gdh-jdc 4
jc-jdc 1
hbh-jdc 1
933
3
ffh-jdd 1
dic-jdd 2
dhc-jdd 3
934
6
bie-jde 1
bi-jde 5
ha-jde 1
bdgi-jde 1
baad-jde 1
bcjb-jde 1
935
1
cbe-jdf 1
936
7
bh-jdg 1
cjh-jdg 1
bhb-jdg 1
gea-jdg 1
fbf-jdg 1
dhj-jdg 3
ibi-jdg 1
937
1
ea-jdh 1
938
1
dfb-jdi 1
939
4
eic-jdj 2
ja-jdj 1
dhb-jdj 1
jfj-jdj 4
940
2
ef-jea 1
ije-jea 5
941
1
jad-jeb 1
942
5
bdfg-jec 1
ehc-jec 3
badg-jec 2
dae-jec 1
bgb-jec 1
943
1
djc-jed 1
944
4
ceg-jee 1
ej-jee 1
hjb-jee 5
cfg-jee 1
945
5
fad-jef 1
badj-jef 3
bbfe-jef 1
beh-jef 1
bbje-jef 2
946
2
bbj-jeg 5
baib-jeg 1
947
3
bgdb-jeh 3
ddj-jeh 3
bafe-jeh 1
948
2
jja-jei 1
eff-jei 2
949
3
fgj-jej 1
dch-jej 3
ehb-jej 3
950
4
chb-jfa 1
iec-jfa 1
bhe-jfa 2
fdj-jfa 3
951
3
cge-jfb 1
bbdb-jfb 2
ebb-jfb 4
952
3
jgb-jfc 5
egb-jfc 1
cgh-jfc 1
953
2
babc-jfd 5
fbd-jfd 1
954
4
bcif-jfe 1
bfgb-jfe 5
egf-jfe 1
c-jfe 1
955
3
egg-jff 3
bfeb-jff 3
ee-jff 1
956
4
bccb-jfg 4
fic-jfg 1
ega-jfg 2
ghc-jfg 1
957
5
gfb-jfh 4
ddc-jfh 1
eij-jfh 1
bffj-jfh 1
fdf-jfh 1
958
4
befa-jfi 3
bbj-jfi 3
dii-jfi 1
eib-jfi 1
959
5
jfa-jfj 1
bdhe-jfj 5
bcaj-jfj 1
bcc-jfj 1
eac-jfj 1
960
5
bagg-jga 1
bfcd-jga 5
bfab-jga 1
bfcf-jga 1
fdf-jga 1
961
1
ecd-jgb 1
962
5
ied-jgc 1
babj-jgc 1
bba-jgc 1
ibd-jgc 4
cfa-jgc 1
963
1
ghb-jgd 1
964
5
dda-jge 1
bagf-jge 1
bedj-jge 1
bcgj-jge 4
gbf-jge 1
965
5
fbf-jgf 1
hhj-jgf 2
bhg-jgf 1
i-jgf 4
fjd-jgf 1
966
3
bajc-jgg 2
cfd-jgg 1
heh-jgg 3
967
2
jcb-jgh 1
dfc-jgh 1
968
2
gjf-jgi 1
iae-jgi 5
969
1
hfb-jgj 1
970
4
bea-jha 1
jia-jha 3
efh-jha 1
ghd-jha 2
971
1
ejg-jhb 1
972
4
gga-jhc 1
eej-jhc 3
hei-jhc 1
ced-jhc 2
973
2
geb-jhd 1
gba-jhd 5
974
3
jih-jhe 1
bbai-jhe 4
jae-jhe 1
975
4
bajj-jhf 4
gid-jhf 1
fch-jhf 1
behe-jhf 2
976
2
hde-jhg 5
fbi-jhg 1
977
3
gej-jhh 1
gab-jhh 1
bfia-jhh 5
978
3
fca-jhi 1
bagi-jhi 2
bcj-jhi 4
979
1
eei-jhj 1
980
7
baca-jia 1
hdd-jia 1
ecc-jia 1
baac-jia 1
bded-jia 4
bje-jia 1
ddg-jia 1
981
4
gda-jib 1
bjf-jib 2
bab-jib 1
iac-jib 3
982
2
hff-jic 1
igj-jic 5
983
4
jff-jid 2
bdgd-jid 1
bgfj-jid 3
cag-jid 1
984
3
cij-jie 1
baih-jie 4
hdb-jie 2
985
4
hah-jif 3
bdih-jif 1
bb-jif 2
dge-jif 1
986
3
gha-jig 5
bafi-jig 1
bbe-jig 1
987
3
bfa-jih 4
gfi-jih 1
jhi-jih 1
988
4
bjh-jii 1
ihe-jii 1
cei-jii 1
ddf-jii 5
989
2
bah-jij 1
ge-jij 2
990
1
idh-jja 1
991
6
ihg-jjb 1
hja-jjb 3
ieg-jjb 1
bdi-jjb 1
jif-jjb 1
cjc-jjb 1
992
3
jhg-jjc 1
jbg-jjc 2
bcgb-jjc 4
993
1
daj-jjd 1
994
5
hdd-jje 1
badd-jje 1
baig-jje 2
bbcg-jje 3
ej-jje 1
995
2
hja-jjf 2
ccf-jjf 1
996
2
gfc-jjg 2
efa-jjg 1
997
1
geh-jjh 1
998
2
hef-jji 5
j-jji 1
999
3
baea-jjj 1
bcci-jjj 5
edg-jjj 1
1000
1
fgi-baaa 1
1001
5
ifd-baab 2
jeg-baab 3
bbdf-baab 1
efi-baab 1
bc-baab 1
1002
2
jbh-baac 5
hig-baac 1
1003
4
ceb-baad 4
bbbh-baad 2
jcd-baad 1
ehj-baad 1
1004
2
eje-baae 5
dib-baae 1
1005
2
bdej-baaf 1
baae-baaf 5
1006
5
beja-baag 1
cdc-baag 1
jci-baag 5
fc-baag 1
ffj-baag 1
1007
2
jab-baah 1
baef-baah 5
1008
4
igj-baai 1
bacb-baai 2
dgd-baai 1
baha-baai 4
1009
1
ceb-baaj 1
1010
5
jdf-baba 1
dfi-baba 1
bbfb-baba 1
ehi-baba 5
haj-baba 1
1011
3
djh-babb 5
ggi-babb 1
edh-babb 1
1012
5
baif-babc 1
jga-babc 1
ege-babc 1
if-babc 1
beag-babc 4
1013
3
gec-babd 1
bddi-babd 1
dfe-babd 5
1014
4
ebj-babe 5
dbj-babe 1
cjc-babe 1
ije-babe 1
1015
2
begj-babf 5
ceg-babf 1
1016
3
bbdj-babg 1
bdhd-babg 3
beba-babg 3
1017
2
cbg-babh 1
baia-babh 2
1018
3
gd-babi 1
cdb-babi 2
baij-babi 4
1019
3
bbcg-babj 2
fdc-babj 3
bfib-babj 1
1020
1
igh-baca 1
1021
6
jhb-bacb 1
heb-bacb 1
bcje-bacb 2
bgbj-bacb 2
jce-bacb 1
jg-bacb 2
1022
3
gdb-bacc 5
hbc-bacc 1
feg-bacc 1
1023
1
jgf-bacd 1
1024
2
dhb-bace 2
bbcd-bace 1
1025
1
ifd-bacf 1
1026
2
bgdb-bacg 2
cja-bacg 1
1027
3
fdd-bach 1
baag-bach 1
bih-bach 5
1028
2
ejc-baci 5
egi-baci 1
1029
4
ibj-bacj 1
bada-bacj 1
iha-bacj 5
ib-bacj 1
1030
4
hej-bada 1
bbcf-bada 2
ecj-bada 1
gdb-bada 3
1031
3
dcd-badb 1
bdf-badb 4
bddf-badb 3
1032
3
hfg-badc 1
cad-badc 1
ifg-badc 5
1033
3
bcac-badd 5
gh-badd 1
jc-badd 1
1034
1
ega-bade 1
1035
1
fgh-badf 1
1036
2
bbbf-badg 1
jhi-badg 2
1037
2
bbgj-badh 5
fhe-badh 1
1038
2
bbdi-badi 5
ghg-badi 1
1039
4
ff-badj 1
bbhf-badj 1
ijj-badj 1
bjf-badj 5
1040
4
jgg-baea 1
hdd-baea 5
he-baea 1
cid-baea 1
1041
4
fd-baeb 1
bbaf-baeb 1
iag-baeb 1
bdcj-baeb 5
1042
5
hbg-baec 2
bcac-baec 1
ccb-baec 1
jaa-baec 1
jha-baec 3
1043
1
djc-baed 1
1044
1
baeg-baee 1
1045
4
fi-baef 4
efd-baef 1
gj-baef 1
bdbf-baef 1
1046
4
hhd-baeg 2
baic-baeg 1
jdc-baeg 1
bcef-baeg 3
1047
2
dfd-baeh 2
ihg-baeh 1
1048
4
chj-baei 1
bhc-baei 1
bagg-baei 3
bcig-baei 3
1049
4
bdfj-baej 3
bbhh-baej 3
bdij-baej 1
hih-baej 1
1050
5
cff-bafa 1
jdj-bafa 1
hgc-bafa 1
dgj-bafa 2
babe-bafa 2
1051
4
gdg-bafb 4
bcji-bafb 1
bbbd-bafb 2
baah-bafb 1
1052
4
hii-bafc 5
bbef-bafc 1
jce-bafc 1
gfg-bafc 1
1053
2
fei-bafd 2
cfa-bafd 5
1054
3
bgf-bafe 1
dhc-bafe 1
fdd-bafe 5
1055
2
hcj-baff 1
bfif-baff 5
1056
1
fdd-bafg 1
1057
1
jbd-bafh 1
1058
4
chi-bafi 2
bbgf-bafi 1
bhj-bafi 3
bag-bafi 2
1059
3
gfi-bafj 1
bcag-bafj 1
hef-bafj 5
1060
2
bbag-baga 5
ded-baga 1
1061
2
bcgd-bagb 1
fhb-bagb 5
1062
1
gie-bagc 1
1063
3
ibg-bagd 1
hgd-bagd 4
beg-bagd 1
1064
4
babh-bage 1
bbcj-bage 1
jfb-bage 1
jhf-bage 5
1065
2
bgd-bagf 1
bede-bagf 5
1066
5
hgb-bagg 1
baie-bagg 1
fcb-bagg 4
bbgh-bagg 1
jid-bagg 1
1067
6
eab-bagh 1
cgf-bagh 2
ijg-bagh 1
cde-bagh 1
jbd-bagh 1
gje-bagh 3
1068
3
ggh-bagi 1
bcac-bagi 5
ehh-bagi 1
1069
3
jhd-bagj 5
bgj-bagj 1
bad-bagj 1
1070
2
bcgf-baha 1
bgcc-baha 5
1071
2
bgah-bahb 5
cgc-bahb 1
1072
1
hbg-bahc 1
1073
6
efa-bahd 1
beij-bahd 1
behd-bahd 1
dii-bahd 1
dbb-bahd 4
bcgf-bahd 1
1074
1
bcdi-bahe 1
1075
2
ffi-bahf 1
bagd-bahf 2
1076
2
gjc-bahg 5
bgc-bahg 1
1077
4
hea-bahh 1
bahg-bahh 3
jab-bahh 1
bedg-bahh 2
1078
4
ia-bahi 1
ghc-bahi 4
ceh-bahi 1
hab-bahi 1
1079
2
ghi-bahj 1
fbe-bahj 2
1080
3
jif-baia 1
gaf-baia 1
bgg-baia 5
1081
2
iac-baib 1
hih-baib 1
1082
3
iaa-baic 3
bcgg-baic 2
babi-baic 2
1083
2
bejd-baid 2
ib-baid 1
1084
5
iaf-baie 2
chg-baie 1
efc-baie 2
bai-baie 1
bade-baie 2
1085
1
jcb-baif 1
1086
4
edd-baig 2
ihc-baig 1
hif-baig 2
jgh-baig 2
1087
6
bcgf-baih 1
becj-baih 4
bcej-baih 1
eea-baih 1
gcf-baih 1
bbgd-baih 1
1088
2
ffj-baii 3
bbab-baii 5
1089
3
ife-baij 5
bha-baij 1
bfh-baij 1
1090
4
bif-baja 1
bcfj-baja 3
cdh-baja 2
cgg-baja 1
1091
3
bafj-bajb 3
bdfg-bajb 1
ji-bajb 3
1092
3
hih-bajc 1
dhb-bajc 3
bbae-bajc 3
1093
4
hha-bajd 4
edc-bajd 1
bfjc-bajd 1
hhg-bajd 1
1094
4
hhe-baje 1
gfi-baje 3
iej-baje 2
bdab-baje 1
1095
5
eca-bajf 1
jcd-bajf 1
bbgi-bajf 5
jeb-bajf 1
bcje-bajf 1
1096
2
cgf-bajg 1
fi-bajg 1
1097
2
bia-bajh 1
hba-bajh 1
1098
2
bhf-baji 1
baje-baji 5
1099
3
ejh-bajj 1
eci-bajj 1
bajf-bajj 5
1100
3
ghb-bbaa 1
beeg-bbaa 1
bcfa-bbaa 5
1101
2
cde-bbab 1
bbfc-bbab 5
1102
4
bejd-bbac 1
fed-bbac 1
iif-bbac 1
dce-bbac 4
1103
2
bbag-bbad 1
jbh-bbad 1
1104
6
gid-bbae 1
gc-bbae 4
eah-bbae 1
bgba-bbae 1
bcfc-bbae 1
hg-bbae 1
1105
2
hhg-bbaf 1
eff-bbaf 5
1106
1
gff-bbag 1
1107
4
fhe-bbah 1
cja-bbah 2
beci-bbah 3
bfjh-bbah 1
1108
3
bafj-bbai 1
bdch-bbai 1
bhj-bbai 5
1109
1
ich-bbaj 1
1110
5
jid-bbba 1
cgd-bbba 1
babb-bbba 1
hde-bbba 1
hdb-bbba 5
1111
1
hed-bbbb 1
1112
1
dff-bbbc 1
1113
4
baec-bbbd 3
bbh-bbbd 1
icb-bbbd 1
bgab-bbbd 3
1114
3
dhj-bbbe 1
bccj-bbbe 4
bcc-bbbe 2
1115
3
gej-bbbf 2
cef-bbbf 3
faj-bbbf 2
1116
3
ief-bbbg 3
icb-bbbg 3
baci-bbbg 1
1117
2
ehg-bbbh 5
bagc-bbbh 1
1118
2
bac-bbbi 5
gee-bbbi 1
1119
3
big-bbbj 1
bgdj-bbbj 3
bahe-bbbj 2
1120
2
jcc-bbca 5
bdd-bbca 1
1121
6
hih-bbcb 2
iee-bbcb 1
fbc-bbcb 1
ccc-bbcb 1
jfd-bbcb 2
djj-bbcb 1
1122
2
hbd-bbcc 5
bgf-bbcc 1
1123
3
baii-bbcd 3
gje-bbcd 2
jjd-bbcd 1
1124
2
iff-bbce 2
gde-bbce 1
1125
2
fhc-bbcf 5
bbae-bbcf 1
1126
3
ccj-bbcg 4
bdid-bbcg 1
fcg-bbcg 1
1127
1
icb-bbch 1
1128
2
babh-bbci 5
bie-bbci 1
1129
2
hee-bbcj 2
bbbb-bbcj 1
1130
3
bbji-bbda 1
jde-bbda 5
ehh-bbda 1
1131
5
idc-bbdb 3
ifa-bbdb 2
bfdj-bbdb 1
hjj-bbdb 1
bbf-bbdb 1
1132
1
jh-bbdc 1
1133
5
gid-bbdd 1
beb-bbdd 1
bci-bbdd 3
fgh-bbdd 1
eii-bbdd 1
1134
1
jif-bbde 1
1135
3
baed-bbdf 1
gbc-bbdf 1
gbi-bbdf 5
1136
3
bgdc-bbdg 3
bhc-bbdg 2
bid-bbdg 1
1137
3
eef-bbdh 1
ghb-bbdh 4
bcjd-bbdh 2
1138
3
hbh-bbdi 4
bcba-bbdi 1
baee-bbdi 1
1139
1
ghi-bbdj 1
1140
3
df-bbea 4
dfh-bbea 1
cga-bbea 1
1141
5
bffc-bbeb 1
bbde-bbeb 2
ihd-bbeb 3
ji-bbeb 1
bbae-bbeb 2
1142
2
bcie-bbec 5
cai-bbec 1
1143
1
jc-bbed 1
1144
2
bdee-bbee 5
gcj-bbee 1
1145
4
badd-bbef 1
fjb-bbef 4
ce-bbef 1
fjf-bbef 1
1146
3
bgbc-bbeg 1
eca-bbeg 2
bcjg-bbeg 3
1147
2
ghj-bbeh 1
eg-bbeh 5
1148
2
eif-bbei 1
gej-bbei 2
1149
3
fci-bbej 1
bcbb-bbej 4
fja-bbej 2
1150
2
bacc-bbfa 5
jf-bbfa 1
1151
5
bbgg-bbfb 2
baji-bbfb 3
fgd-bbfb 1
ghj-bbfb 1
bdah-bbfb 1
1152
2
bfej-bbfc 1
ibh-bbfc 5
1153
4
bdcj-bbfd 2
ebc-bbfd 1
eaa-bbfd 4
bdje-bbfd 1
1154
2
chg-bbfe 1
bbgi-bbfe 5
1155
6
ihi-bbff 2
dbh-bbff 1
bdjd-bbff 2
fcc-bbff 2
jig-bbff 1
hg-bbff 1
1156
4
eee-bbfg 1
bcjh-bbfg 1
fea-bbfg 1
bfee-bbfg 5
1157
3
bbjg-bbfh 5
gec-bbfh 1
efd-bbfh 1
1158
3
bace-bbfi 1
bbej-bbfi 5
bfhb-bbfi 1
1159
4
cje-bbfj 1
babh-bbfj 1
cbc-bbfj 1
ifc-bbfj 5
1160
2
jbc-bbga 5
eji-bbga 1
1161
4
hgd-bbgb 1
iic-bbgb 1
jff-bbgb 1
hi-bbgb 4
1162
1
bafa-bbgc 1
1163
1
bgag-bbgd 1
1164
4
ddd-bbge 1
bbff-bbge 3
eb-bbge 2
ihg-bbge 1
1165
1
fcj-bbgf 1
1166
4
bcde-bbgg 5
ca-bbgg 1
gfh-bbgg 1
bdai-bbgg 3
1167
1
bbei-bbgh 1
1168
4
jab-bbgi 1
jgi-bbgi 5
bdgi-bbgi 1
bfi-bbgi 1
1169
4
bejh-bbgj 3
eah-bbgj 3
bbcj-bbgj 1
hjc-bbgj 1
1170
2
begi-bbha 5
fbe-bbha 1
1171
2
iec-bbhb 5
djd-bbhb 1
1172
3
bca-bbhc 1
cbh-bbhc 5
jdi-bbhc 1
1173
4
bdb-bbhd 2
j-bbhd 2
ece-bbhd 1
bced-bbhd 2
1174
4
id-bbhe 1
bbgb-bbhe 4
gfe-bbhe 1
fh-bbhe 1
1175
3
baif-bbhf 1
dia-bbhf 5
bfec-bbhf 1
1176
1
bai-bbhg 1
1177
2
bcjf-bbhh 1
beee-bbhh 5
1178
2
hgi-bbhi 5
bfge-bbhi 1
1179
1
c-bbhj 1
1180
3
edb-bbia 3
ij-bbia 1
ei-bbia 2
1181
1
bdi-bbib 1
1182
2
befc-bbic 1
iab-bbic 5
1183
1
bbdd-bbid 1
1184
3
bbhj-bbie 1
def-bbie 4
dee-bbie 2
1185
2
dcj-bbif 5
bij-bbif 1
1186
1
cig-bbig 1
1187
2
bfd-bbih 1
gc-bbih 5
1188
2
bfgf-bbii 5
jhc-bbii 1
1189
3
bbdf-bbij 5
beci-bbij 1
cdd-bbij 1
1190
2
bacb-bbja 1
fec-bbja 2
1191
2
gje-bbjb 1
ffj-bbjb 2
1192
3
bhc-bbjc 1
ii-bbjc 5
bbha-bbjc 1
1193
1
jig-bbjd 1
1194
1
cbd-bbje 1
1195
4
jbg-bbjf 2
fcj-bbjf 1
dji-bbjf 1
haj-bbjf 4
1196
3
bagj-bbjg 5
hjb-bbjg 1
bbfe-bbjg 1
1197
2
jih-bbjh 1
bcjb-bbjh 5
1198
3
ijh-bbji 2
hhi-bbji 3
bch-bbji 2
1199
1
cig-bbjj 1
1200
2
bbie-bcaa 1
bgb-bcaa 5
1201
4
jjj-bcab 1
gce-bcab 2
dfi-bcab 2
bchi-bcab 2
1202
3
had-bcac 1
hac-bcac 1
fa-bcac 4
1203
3
hcd-bcad 1
bdf-bcad 2
bgcb-bcad 4
1204
2
bdaj-bcae 1
ibg-bcae 1
1205
3
bcda-bcaf 4
jh-bcaf 1
bbha-bcaf 2
1206
2
bgch-bcag 5
babb-bcag 1
1207
1
eed-bcah 1
1208
1
bbcj-bcai 1
1209
1
bbji-bcaj 1
1210
2
ejb-bcba 2
gfc-bcba 1
1211
3
bdbj-bcbb 3
hag-bcbb 1
die-bcbb 3
1212
5
bcij-bcbc 1
bafj-bcbc 4
dbe-bcbc 1
ef-bcbc 1
bbai-bcbc 1
1213
1
baca-bcbd 1
1214
2
gda-bcbe 1
bdd-bcbe 2
1215
2
bged-bcbf 1
igc-bcbf 1
1216
3
iea-bcbg 4
dbh-bcbg 1
behc-bcbg 1
1217
1
bhg-bcbh 1
1218
3
jcf-bcbi 1
bfcf-bcbi 1
jdd-bcbi 4
1219
3
hjj-bcbj 3
hgc-bcbj 2
bcch-bcbj 1
1220
4
behj-bcca 1
bdhj-bcca 1
fb-bcca 1
jfe-bcca 5
1221
3
bcag-bccb 1
cid-bccb 3
egb-bccb 3
1222
1
edj-bccc 1
1223
3
behg-bccd 2
bfed-bccd 4
ced-bccd 1
1224
2
iib-bcce 1
eci-bcce 2
1225
2
bajb-bccf 1
bfhd-bccf 5
1226
2
badf-bccg 1
begg-bccg 2
1227
1
hjg-bcch 1
1228
2
hjd-bcci 5
bcae-bcci 1
1229
6
bdeb-bccj 1
gbe-bccj 3
cfg-bccj 1
dci-bccj 1
bg-bccj 1
hci-bccj 1
1230
3
ijd-bcda 2
dh-bcda 4
beii-bcda 1
1231
3
bddd-bcdb 1
baci-bcdb 1
bbeb-bcdb 5
1232
4
ghb-bcdc 1
bcj-bcdc 1
bfga-bcdc 1
bccd-bcdc 5
1233
3
bdid-bcdd 1
bagh-bcdd 4
bbfh-bcdd 2
1234
5
bcha-bcde 1
cba-bcde 1
gic-bcde 1
beje-bcde 3
baji-bcde 2
1235
1
bbef-bcdf 1
1236
3
jje-bcdg 1
chc-bcdg 1
hjc-bcdg 4
1237
2
bchf-bcdh 1
faf-bcdh 2
1238
3
hee-bcdi 3
cfg-bcdi 3
becb-bcdi 1
1239
1
fdb-bcdj 1
1240
1
becb-bcea 1
1241
2
bfcf-bceb 1
idj-bceb 5
1242
1
dgj-bcec 1
1243
1
bcjd-bced 1
1244
6
ejh-bcee 1
bdja-bcee 2
iai-bcee 1
ffd-bcee 2
bdca-bcee 1
gdf-bcee 1
1245
2
fbj-bcef 5
fbb-bcef 1
1246
1
cca-bceg 1
1247
4
bbdf-bceh 3
bdae-bceh 3
fab-bceh 1
bge-bceh 1
1248
1
bci-bcei 1
1249
3
jfh-bcej 4
ef-bcej 1
gif-bcej 2
1250
2
djh-bcfa 1
jfh-bcfa 5
1251
1
gbc-bcfb 1
1252
2
cig-bcfc 5
jbj-bcfc 1
1253
3
beie-bcfd 1
jeh-bcfd 1
idg-bcfd 5
1254
1
jh-bcfe 1
1255
4
ddd-bcff 1
hfh-bcff 2
iie-bcff 2
begg-bcff 3
1256
2
bcje-bcfg 1
fjj-bcfg 5
1257
1
egd-bcfh 1
1258
1
ihe-bcfi 1
1259
4
cig-bcfj 1
jii-bcfj 1
ibc-bcfj 1
bchb-bcfj 5
1260
1
ghc-bcga 1
1261
2
eai-bcgb 2
jae-bcgb 3
1262
2
beih-bcgc 6
bahc-bcgc 1
1263
1
gba-bcgd 1
1264
3
bddi-bcge 1
bgh-bcge 1
baih-bcge 4
1265
1
bbga-bcgf 1
1266
2
bfhf-bcgg 5
beej-bcgg 1
1267
2
bdjg-bcgh 5
cbj-bcgh 1
1268
4
bge-bcgi 1
fca-bcgi 2
bfh-bcgi 1
hce-bcgi 3
1269
3
beae-bcgj 3
bdbg-bcgj 2
bfci-bcgj 1
1270
2
deh-bcha 2
dgg-bcha 1
1271
2
bdfj-bchb 5
hhd-bchb 1
1272
2
cej-bchc 5
bdb-bchc 1
1273
2
bdaf-bchd 1
jbd-bchd 1
1274
2
becg-bche 1
gcd-bche 1
1275
2
bfag-bchf 5
hdj-bchf 1
1276
4
idc-bchg 1
hhj-bchg 1
bebi-bchg 3
hga-bchg 2
1277
5
cjb-bchh 1
bcjb-bchh 1
bcjj-bchh 3
bbij-bchh 2
hhi-bchh 1
1278
2
ifh-bchi 1
bcdj-bchi 1
1279
1
jcd-bchj 1
1280
5
hhg-bcia 1
baid-bcia 1
hid-bcia 1
bgec-bcia 4
ibc-bcia 1
1281
4
dde-bcib 1
bfgd-bcib 3
bdcc-bcib 1
bje-bcib 2
1282
1
iji-bcic 1
1283
1
bede-bcid 1
1284
3
eic-bcie 5
bebd-bcie 1
bbgh-bcie 1
1285
2
jhh-bcif 1
bdjb-bcif 2
1286
1
fae-bcig 1
1287
1
cae-bcih 1
1288
3
bafh-bcii 1
jeh-bcii 3
cga-bcii 2
1289
1
ebd-bcij 1
1290
3
bbfi-bcja 3
hhd-bcja 3
ica-bcja 1
1291
2
bcaa-bcjb 1
dba-bcjb 2
1292
2
bbdg-bcjc 1
bbaf-bcjc 1
1293
1
hdf-bcjd 1
1294
1
bbfh-bcje 1
1295
4
fda-bcjf 1
dde-bcjf 2
bedc-bcjf 1
bdjc-bcjf 4
1296
2
jce-bcjg 1
eii-bcjg 5
1297
1
dch-bcjh 1
1298
2
dg-bcji 1
ida-bcji 5
1299
2
fig-bcjj 1
bfgi-bcjj 2
1300
3
edh-bdaa 4
gcj-bdaa 1
eba-bdaa 1
1301
2
bdib-bdab 1
iji-bdab 2
1302
2
cgb-bdac 1
gba-bdac 1
1303
3
ch-bdad 3
jdi-bdad 1
dja-bdad 2
1304
2
bahi-bdae 1
bbif-bdae 1
1305
1
ga-bdaf 1
1306
1
badg-bdag 1
1307
2
beeg-bdah 1
ibd-bdah 1
1308
2
bajh-bdai 1
baij-bdai 2
1309
2
je-bdaj 1
hed-bdaj 1
1310
1
bbch-bdba 1
1311
1
jeh-bdbb 1
1312
1
bcgf-bdbc 1
1313
1
cdg-bdbd 1
1314
1
hh-bdbe 1
1315
1
hf-bdbf 1
1316
3
bfii-bdbg 2
ddc-bdbg 1
hdj-bdbg 1
1317
1
jhg-bdbh 1
1318
2
bfbc-bdbi 1
dbc-bdbi 2
1319
4
gid-bdbj 2
bbci-bdbj 1
jfa-bdbj 3
dhe-bdbj 1
1320
1
fej-bdca 1
1321
2
cii-bdcb 1
ibj-bdcb 2
1322
2
iig-bdcc 1
bdhf-bdcc 5
1323
2
bbcb-bdcd 1
bdgd-bdcd 2
1324
1
jfc-bdce 1
1325
1
faa-bdcf 1
1326
1
bce-bdcg 1
1327
2
cac-bdch 1
hgc-bdch 1
1328
2
efh-bdci 5
ci-bdci 1
1329
2
jjc-bdcj 1
feb-bdcj 1
1330
2
bebj-bdda 1
efh-bdda 5
1331
1
bbbg-bddb 1
1332
1
dee-bddc 1
1333
2
bcbf-bddd 2
daa-bddd 1
1334
2
jif-bdde 5
bid-bdde 1
1335
3
gig-bddf 1
bbbg-bddf 3
bbcc-bddf 3
1336
1
badj-bddg 1
1337
1
bffa-bddh 1
1338
1
fjg-bddi 1
1339
3
bj-bddj 1
bcaf-bddj 2
bbbe-bddj 4
1340
1
dc-bdea 1
1341
2
jaf-bdeb 1
bdif-bdeb 2
1342
4
bfeg-bdec 1
cca-bdec 1
bfaf-bdec 5
ida-bdec 1
1343
2
befd-bded 5
bbbi-bded 1
1344
3
bcie-bdee 2
cgc-bdee 1
gii-bdee 4
1345
2
bbeg-bdef 1
hbe-bdef 5
1346
3
bgfb-bdeg 3
hdh-bdeg 2
iai-bdeg 1
1347
2
ecj-bdeh 1
cfc-bdeh 2
1348
1
bccd-bdei 1
1349
2
bfaa-bdej 1
jag-bdej 2
1350
3
hdb-bdfa 3
jjf-bdfa 1
bje-bdfa 2
1351
2
ijg-bdfb 5
icf-bdfb 1
1352
1
hdc-bdfc 1
1353
2
bec-bdfd 5
efb-bdfd 1
1354
2
gdf-bdfe 2
bfeg-bdfe 1
1355
1
jga-bdff 1
1356
2
bdic-bdfg 5
bib-bdfg 1
1357
2
bege-bdfh 1
bacc-bdfh 2
1358
2
jcf-bdfi 1
becc-bdfi 5
1359
3
cdf-bdfj 1
bbjf-bdfj 1
hae-bdfj 5
1360
4
bafa-bdga 2
begc-bdga 1
ehh-bdga 1
ihf-bdga 3
1361
3
bead-bdgb 5
hig-bdgb 1
fca-bdgb 1
1362
2
bcbd-bdgc 1
eba-bdgc 5
1363
2
gga-bdgd 1
gbc-bdgd 5
1364
1
baej-bdge 1
1365
3
fcc-bdgf 1
gdb-bdgf 1
bfbe-bdgf 5
1366
1
fbh-bdgg 1
1367
2
ghj-bdgh 2
eea-bdgh 1
1368
2
bdjb-bdgi 1
bdj-bdgi 2
1369
2
bgdi-bdgj 5
hhh-bdgj 1
1370
3
behi-bdha 4
daj-bdha 1
gfj-bdha 1
1371
2
haf-bdhb 1
hbh-bdhb 5
1372
2
jei-bdhc 1
bahg-bdhc 5
1373
2
bcbg-bdhd 5
bae-bdhd 1
1374
4
bagb-bdhe 5
jjj-bdhe 1
baia-bdhe 1
ecc-bdhe 1
1375
2
bfae-bdhf 5
bcdh-bdhf 1
1376
1
efd-bdhg 1
1377
1
bdfd-bdhh 1
1378
3
ccf-bdhi 4
hb-bdhi 1
ihe-bdhi 1
1379
1
iah-bdhj 1
1380
2
jgg-bdia 2
bgff-bdia 1
1381
1
bcfi-bdib 1
1382
1
hhg-bdic 1
1383
1
beh-bdid 1
1384
1
igc-bdie 1
1385
2
fgc-bdif 2
f-bdif 1
1386
2
bajc-bdig 1
bdge-bdig 5
1387
1
ijf-bdih 1
1388
2
cch-bdii 5
fbg-bdii 1
1389
1
fbg-bdij 1
1390
2
bbhb-bdja 5
bdeb-bdja 1
1391
1
bchd-bdjb 1
1392
2
bfbb-bdjc 2
ifh-bdjc 1
1393
1
eca-bdjd 1
1394
3
bbjb-bdje 1
cge-bdje 1
bacj-bdje 5
1395
1
jig-bdjf 1
1396
1
bdef-bdjg 1
1397
2
bfdf-bdjh 5
baj-bdjh 1
1398
2
egb-bdji 5
bej-bdji 1
1399
2
cb-bdjj 1
bccf-bdjj 5
1400
2
bcfj-beaa 1
eeb-beaa 1
1401
2
baai-beab 1
bdde-beab 1
1402
1
jja-beac 1
1403
2
bib-bead 3
bafg-bead 1
1404
1
bdch-beae 1
1405
1
geb-beaf 1
1406
1
cci-beag 1
1407
3
bche-beah 1
jie-beah 1
bgfc-beah 4
1408
1
ida-beai 1
1409
2
dea-beaj 5
bcea-beaj 1
1410
3
bbcb-beba 1
bbf-beba 2
bfg-beba 1
1411
1
bgf-bebb 1
1412
1
bbah-bebc 1
1413
2
bejj-bebd 5
babc-bebd 1
1414
1
bccd-bebe 1
1415
2
ghb-bebf 1
bbfj-bebf 5
1416
1
idj-bebg 1
1417
2
bbgc-bebh 1
dag-bebh 1
1418
1
fad-bebi 1
1419
1
bbec-bebj 1
1420
2
ddg-beca 1
jjf-beca 2
1421
3
bfbj-becb 5
bcg-becb 1
jed-becb 1
1422
2
bcc-becc 1
haf-becc 5
1423
2
fba-becd 1
bbii-becd 2
1424
1
fii-bece 1
1425
2
hce-becf 2
fed-becf 1
1426
1
bagi-becg 1
1427
1
dfj-bech 1
1428
1
bbgj-beci 1
1429
2
bdbi-becj 1
hec-becj 5
1430
3
cbd-beda 2
bfhh-beda 3
bc-beda 1
1431
1
bebd-bedb 1
1432
2
bfaj-bedc 1
baic-bedc 2
1433
1
ceg-bedd 1
1434
2
hf-bede 1
bbda-bede 5
1435
2
djf-bedf 1
ebh-bedf 5
1436
2
gfg-bedg 1
jbg-bedg 5
1437
2
baha-bedh 1
bgai-bedh 2
1438
2
bfba-bedi 1
iib-bedi 5
1439
1
igd-bedj 1
1440
1
eii-beea 1
1441
2
bbee-beeb 1
hcf-beeb 2
1442
1
jba-beec 1
1443
3
dgj-beed 1
bfih-beed 2
becd-beed 4
1444
2
eff-beee 2
hhc-beee 1
1445
2
icf-beef 5
hhf-beef 1
1446
3
befc-beeg 1
bdeb-beeg 3
he-beeg 3
1447
1
bdgc-beeh 1
1448
1
bdcg-beei 1
1449
1
cge-beej 1
1450
2
ebe-befa 1
cbc-befa 5
1451
1
babd-befb 1
1452
1
bchf-befc 1
1453
3
chj-befd 1
dci-befd 2
iia-befd 4
1454
1
fif-befe 1
1455
2
fid-beff 5
hc-beff 1
1456
1
bah-befg 1
1457
1
heh-befh 1
1458
1
bahf-befi 1
1459
1
bdgc-befj 1
1460
1
gca-bega 1
1461
1
iie-begb 1
1462
2
ghf-begc 1
bgad-begc 2
1463
1
bdgi-begd 1
1464
2
babb-bege 1
bdci-bege 1
1465
1
dfc-begf 1
1466
2
ifb-begg 2
bfai-begg 1
1467
1
eac-begh 1
1468
1
cff-begi 1
1469
2
eef-begj 1
bbfb-begj 5
1470
3
cji-beha 2
hcj-beha 4
bebd-beha 1
1471
1
bfdh-behb 1
1472
1
ifa-behc 1
1473
1
eda-behd 1
1474
3
bgaa-behe 4
baja-behe 1
ihd-behe 1
1475
1
hdf-behf 1
1476
1
iei-behg 1
1477
1
bcgg-behh 1
1478
2
bgde-behi 5
bjh-behi 1
1479
3
dcd-behj 2
dbd-behj 3
ihb-behj 1
1480
1
ffd-beia 1
1481
1
bdaj-beib 1
1482
3
ec-beic 1
dg-beic 5
bbb-beic 1
1483
2
bdje-beid 2
iai-beid 5
1484
1
cgc-beie 1
1485
3
gab-beif 6
cii-beif 1
hfb-beif 1
1486
2
baf-beig 1
bedd-beig 1
1487
2
dcc-beih 1
ijd-beih 5
1488
1
cbe-beii 1
1489
2
che-beij 1
bah-beij 5
1490
1
cid-beja 1
1491
1
bace-bejb 1
1492
1
bbhj-bejc 1
1493
1
badc-bejd 1
1494
1
baag-beje 1
1495
1
jhi-bejf 1
1496
2
bcag-bejg 5
cha-bejg 1
1497
1
bdaa-bejh 1
1498
2
dcf-beji 2
ifa-beji 1
1499
1
cdg-bejj 1
1500
2
bhf-bfaa 1
ccd-bfaa 2
1501
1
fbi-bfab 1
1502
1
gfc-bfac 1
1503
1
jhc-bfad 1
1504
3
bai-bfae 1
bfah-bfae 3
ecc-bfae 3
1505
2
hbb-bfaf 1
bedh-bfaf 5
1506
2
jai-bfag 5
bdad-bfag 1
1507
1
jbf-bfah 1
1508
1
bcaj-bfai 1
1509
1
bcjd-bfaj 1
1510
1
bdgg-bfba 1
1511
1
hda-bfbb 1
1512
1
ijd-bfbc 1
1513
3
fia-bfbd 3
bbjd-bfbd 1
dcg-bfbd 3
1514
1
behh-bfbe 1
1515
2
bdga-bfbf 1
efe-bfbf 2
1516
1
hih-bfbg 1
1517
1
f-bfbh 1
1518
1
jjc-bfbi 1
1519
1
beif-bfbj 1
1520
1
ghc-bfca 1
1521
3
gfa-bfcb 1
gaj-bfcb 4
bbba-bfcb 2
1522
1
gga-bfcc 1
1523
3
bcdc-bfcd 2
bdbj-bfcd 4
ggc-bfcd 1
1524
1
jh-bfce 1
1525
1
bca-bfcf 1
1526
3
bfgg-bfcg 1
cjc-bfcg 4
bgdj-bfcg 2
1527
1
bafe-bfch 1
1528
1
fjb-bfci 1
1529
2
gh-bfcj 1
dif-bfcj 2
1530
2
bgce-bfda 1
baai-bfda 5
1531
1
iih-bfdb 1
1532
1
bfbc-bfdc 1
1533
1
bcgh-bfdd 1
1534
1
jgf-bfde 1
1535
1
ddf-bfdf 1
1536
1
bdfi-bfdg 1
1537
1
bdec-bfdh 1
1538
2
fgc-bfdi 5
ihc-bfdi 1
1539
2
bddd-bfdj 5
dgg-bfdj 1
1540
1
jdg-bfea 1
1541
1
ggf-bfeb 1
1542
2
edg-bfec 1
bdge-bfec 2
1543
2
iia-bfed 1
iea-bfed 1
1544
2
fhi-bfee 1
dae-bfee 1
1545
4
bgaf-bfef 1
faa-bfef 2
bgda-bfef 1
ied-bfef 4
1546
1
dfb-bfeg 1
1547
1
fdc-bfeh 1
1548
1
cbf-bfei 1
1549
1
bdia-bfej 1
1550
1
iab-bffa 1
1551
1
bda-bffb 1
1552
1
iai-bffc 1
1553
1
egi-bffd 1
1554
1
jai-bffe 1
1555
1
becg-bfff 1
1556
1
gci-bffg 1
1557
1
ghi-bffh 1
1558
1
ed-bffi 1
1559
1
eda-bffj 1
1560
2
bfj-bfga 1
dcg-bfga 1
1561
2
bcfj-bfgb 1
beif-bfgb 5
1562
1
bdac-bfgc 1
1563
1
ihj-bfgd 1
1564
1
chj-bfge 1
1565
2
bgga-bfgf 5
eig-bfgf 1
1566
1
ec-bfgg 1
1567
1
bbie-bfgh 1
1568
3
bgej-bfgi 5
bgee-bfgi 1
fea-bfgi 1
1569
1
bdd-bfgj 1
1570
1
cga-bfha 1
1571
1
bhg-bfhb 1
1572
1
dgd-bfhc 1
1573
1
bdgb-bfhd 1
1574
1
bfi-bfhe 1
1575
2
ded-bfhf 1
jjj-bfhf 5
1576
2
ibi-bfhg 1
bfhi-bfhg 5
1577
1
ibh-bfhh 1
1578
1
ice-bfhi 1
1579
2
gih-bfhj 1
bejj-bfhj 2
1580
1
df-bfia 1
1581
1
bdca-bfib 1
1582
2
bgfg-bfic 1
igc-bfic 1
1583
1
hfa-bfid 1
1584
1
ceh-bfie 1
1585
2
caa-bfif 1
dfi-bfif 5
1586
1
bceb-bfig 1
1587
1
cif-bfih 1
1588
2
hjg-bfii 2
edc-bfii 1
1589
1
gih-bfij 1
1590
1
bie-bfja 1
1591
1
icj-bfjb 1
1592
1
bej-bfjc 1
1593
1
bajd-bfjd 1
1594
1
bfba-bfje 1
1595
1
cdg-bfjf 1
1596
1
bdej-bfjg 1
1597
1
bcga-bfjh 1
1598
1
bebd-bfji 1
1599
1
hhg-bfjj 1
1600
1
bcdd-bgaa 1
1601
1
fga-bgab 1
1602
1
babg-bgac 1
1603
1
bdba-bgad 1
1604
1
bajd-bgae 1
1605
1
beab-bgaf 1
1606
1
bed-bgag 1
1607
1
bdhi-bgah 1
1608
1
baji-bgai 1
1609
1
egb-bgaj 1
1610
1
ddd-bgba 1
1611
1
dib-bgbb 1
1612
1
bba-bgbc 1
1613
2
bfb-bgbd 1
bfje-bgbd 2
1614
1
bfhe-bgbe 1
1615
1
bbfa-bgbf 1
1616
1
dff-bgbg 1
1617
2
ece-bgbh 1
bgfh-bgbh 2
1618
1
bfjc-bgbi 1
1619
1
cbj-bgbj 1
1620
1
hjh-bgca 1
1621
1
icd-bgcb 1
1622
2
bdbe-bgcc 1
dga-bgcc 5
1623
1
djf-bgcd 1
1624
1
bacd-bgce 1
1625
1
cib-bgcf 1
1626
1
cba-bgcg 1
1627
1
cga-bgch 1
1628
2
bda-bgci 1
hje-bgci 5
1629
1
beeg-bgcj 1
1630
1
bcai-bgda 1
1631
1
jdd-bgdb 1
1632
1
gbb-bgdc 1
1633
3
bhf-bgdd 1
ede-bgdd 5
bffd-bgdd 1
1634
1
beic-bgde 1
1635
1
bbia-bgdf 1
1636
1
baf-bgdg 1
1637
1
hhh-bgdh 1
1638
2
jdi-bgdi 1
bach-bgdi 5
1639
1
jdb-bgdj 1
1640
1
bcia-bgea 1
1641
1
ega-bgeb 1
1642
2
bacg-bgec 1
djd-bgec 2
1643
1
behi-bged 1
1644
1
hjf-bgee 1
1645
1
fed-bgef 1
1646
1
baca-bgeg 1
1647
1
bece-bgeh 1
1648
1
bgca-bgei 1
1649
1
jej-bgej 1
1650
1
bddj-bgfa 1
1651
1
bhh-bgfb 1
1652
1
bfjg-bgfc 1
1653
2
ddb-bgfd 1
gif-bgfd 5
1654
1
bfcf-bgfe 1
1655
1
bcgh-bgff 1
1656
1
bce-bgfg 1
1657
1
bgbi-bgfh 1
1658
1
bie-bgfi 1
1659
1
eef-bgfj 1
1660
1
bdhi-bgga 1
1661
1
bdhg-bggb 1
